Run experimental bundle that bundles everything
libgnutls.so.30: não é possível abrir arquivo compartilhado: Arquivo ou diretório inexistente
Failed to load module: /usr/lib/x86_64-linux-gnu/gio/modules/libgiognutls.so
libproxy.so.1: não é possível abrir arquivo compartilhado: Arquivo ou diretório inexistente
Failed to load module: /usr/lib/x86_64-linux-gnu/gio/modules/libgiolibproxy.so
Gtk-Message: 16:43:15.012: Failed to load module "canberra-gtk-module"
Gtk-Message: 16:43:15.020: Failed to load module "canberra-gtk-module"
Pango version: 1.42.3
Run experimental bundle that bundles everything
libgnutls.so.30: não é possível abrir arquivo compartilhado: Arquivo ou diretório inexistente
Failed to load module: /usr/lib/x86_64-linux-gnu/gio/modules/libgiognutls.so
libproxy.so.1: não é possível abrir arquivo compartilhado: Arquivo ou diretório inexistente
Failed to load module: /usr/lib/x86_64-linux-gnu/gio/modules/libgiolibproxy.so
Gtk-Message: 16:45:16.332: Failed to load module "canberra-gtk-module"
Gtk-Message: 16:45:16.340: Failed to load module "canberra-gtk-module"
Pango version: 1.42.3
Run experimental bundle that bundles everything
libgnutls.so.30: não é possível abrir arquivo compartilhado: Arquivo ou diretório inexistente
Failed to load module: /usr/lib/x86_64-linux-gnu/gio/modules/libgiognutls.so
libproxy.so.1: não é possível abrir arquivo compartilhado: Arquivo ou diretório inexistente
Failed to load module: /usr/lib/x86_64-linux-gnu/gio/modules/libgiolibproxy.so
Gtk-Message: 16:46:26.797: Failed to load module "canberra-gtk-module"
Gtk-Message: 16:46:26.802: Failed to load module "canberra-gtk-module"
Pango version: 1.42.3
