Run experimental bundle that bundles everything
libgnutls.so.30: não é possível abrir arquivo compartilhado: Arquivo ou diretório inexistente
Failed to load module: /usr/lib/x86_64-linux-gnu/gio/modules/libgiognutls.so
libproxy.so.1: não é possível abrir arquivo compartilhado: Arquivo ou diretório inexistente
Failed to load module: /usr/lib/x86_64-linux-gnu/gio/modules/libgiolibproxy.so
Gtk-Message: 16:22:24.282: Failed to load module "canberra-gtk-module"
Gtk-Message: 16:22:24.287: Failed to load module "canberra-gtk-module"
Pango version: 1.42.3
Run experimental bundle that bundles everything
libgnutls.so.30: não é possível abrir arquivo compartilhado: Arquivo ou diretório inexistente
Failed to load module: /usr/lib/x86_64-linux-gnu/gio/modules/libgiognutls.so
libproxy.so.1: não é possível abrir arquivo compartilhado: Arquivo ou diretório inexistente
Failed to load module: /usr/lib/x86_64-linux-gnu/gio/modules/libgiolibproxy.so
Gtk-Message: 16:24:05.540: Failed to load module "canberra-gtk-module"
Gtk-Message: 16:24:05.546: Failed to load module "canberra-gtk-module"
Pango version: 1.42.3
Run experimental bundle that bundles everything
libgnutls.so.30: não é possível abrir arquivo compartilhado: Arquivo ou diretório inexistente
Failed to load module: /usr/lib/x86_64-linux-gnu/gio/modules/libgiognutls.so
libproxy.so.1: não é possível abrir arquivo compartilhado: Arquivo ou diretório inexistente
Failed to load module: /usr/lib/x86_64-linux-gnu/gio/modules/libgiolibproxy.so
Gtk-Message: 16:26:11.507: Failed to load module "canberra-gtk-module"
Gtk-Message: 16:26:11.511: Failed to load module "canberra-gtk-module"
Pango version: 1.42.3
Run experimental bundle that bundles everything
libgnutls.so.30: não é possível abrir arquivo compartilhado: Arquivo ou diretório inexistente
Failed to load module: /usr/lib/x86_64-linux-gnu/gio/modules/libgiognutls.so
libproxy.so.1: não é possível abrir arquivo compartilhado: Arquivo ou diretório inexistente
Failed to load module: /usr/lib/x86_64-linux-gnu/gio/modules/libgiolibproxy.so
Gtk-Message: 16:29:17.472: Failed to load module "canberra-gtk-module"
Gtk-Message: 16:29:17.476: Failed to load module "canberra-gtk-module"
Pango version: 1.42.3

(ld-linux-x86-64.so.2:5919): Gtk-CRITICAL **: 16:29:19.820: gtk_combo_box_set_active: assertion 'index_ >= -1' failed
FontLister::update_font_data_recursive: descr without font family! pattern1594
FontLister::update_font_data_recursive: descr without font family! pattern1582
FontLister::update_font_data_recursive: descr without font family! pattern859
FontLister::update_font_data_recursive: descr without font family! image853
FontLister::update_font_data_recursive: descr without font family! pattern1594
FontLister::update_font_data_recursive: descr without font family! pattern1582
FontLister::update_font_data_recursive: descr without font family! pattern859
FontLister::update_font_data_recursive: descr without font family! image853
FontLister::update_font_data_recursive: descr without font family! pattern1594
FontLister::update_font_data_recursive: descr without font family! pattern1582
FontLister::update_font_data_recursive: descr without font family! pattern859
FontLister::update_font_data_recursive: descr without font family! image853
FontLister::update_font_data_recursive: descr without font family! pattern1594
FontLister::update_font_data_recursive: descr without font family! pattern1582
FontLister::update_font_data_recursive: descr without font family! pattern859
FontLister::update_font_data_recursive: descr without font family! image853
FontLister::update_font_data_recursive: descr without font family! pattern1594
FontLister::update_font_data_recursive: descr without font family! pattern1582
FontLister::update_font_data_recursive: descr without font family! pattern859
FontLister::update_font_data_recursive: descr without font family! image853
FontLister::update_font_data_recursive: descr without font family! pattern1594
FontLister::update_font_data_recursive: descr without font family! pattern1582
FontLister::update_font_data_recursive: descr without font family! pattern859
FontLister::update_font_data_recursive: descr without font family! image853
FontLister::update_font_data_recursive: descr without font family! pattern1594
FontLister::update_font_data_recursive: descr without font family! pattern1582
FontLister::update_font_data_recursive: descr without font family! pattern859
FontLister::update_font_data_recursive: descr without font family! image853
FontLister::update_font_data_recursive: descr without font family! pattern1594
FontLister::update_font_data_recursive: descr without font family! pattern1582
FontLister::update_font_data_recursive: descr without font family! pattern859
FontLister::update_font_data_recursive: descr without font family! image853
FontLister::update_font_data_recursive: descr without font family! pattern1594
FontLister::update_font_data_recursive: descr without font family! pattern1582
FontLister::update_font_data_recursive: descr without font family! pattern859
FontLister::update_font_data_recursive: descr without font family! image853
FontLister::update_font_data_recursive: descr without font family! pattern1594
FontLister::update_font_data_recursive: descr without font family! pattern1582
FontLister::update_font_data_recursive: descr without font family! pattern859
FontLister::update_font_data_recursive: descr without font family! image853
FontLister::update_font_data_recursive: descr without font family! pattern1594
FontLister::update_font_data_recursive: descr without font family! pattern1582
FontLister::update_font_data_recursive: descr without font family! pattern859
FontLister::update_font_data_recursive: descr without font family! image853
FontLister::update_font_data_recursive: descr without font family! pattern1594
FontLister::update_font_data_recursive: descr without font family! pattern1582
FontLister::update_font_data_recursive: descr without font family! pattern859
FontLister::update_font_data_recursive: descr without font family! image853
FontLister::update_font_data_recursive: descr without font family! pattern1594
FontLister::update_font_data_recursive: descr without font family! pattern1582
FontLister::update_font_data_recursive: descr without font family! pattern859
FontLister::update_font_data_recursive: descr without font family! image853
FontLister::update_font_data_recursive: descr without font family! pattern1594
FontLister::update_font_data_recursive: descr without font family! pattern1582
FontLister::update_font_data_recursive: descr without font family! pattern859
FontLister::update_font_data_recursive: descr without font family! image853
FontLister::update_font_data_recursive: descr without font family! pattern1594
FontLister::update_font_data_recursive: descr without font family! pattern1582
FontLister::update_font_data_recursive: descr without font family! pattern859
FontLister::update_font_data_recursive: descr without font family! image853
FontLister::update_font_data_recursive: descr without font family! pattern1594
FontLister::update_font_data_recursive: descr without font family! pattern1582
FontLister::update_font_data_recursive: descr without font family! pattern859
FontLister::update_font_data_recursive: descr without font family! image853
FontLister::update_font_data_recursive: descr without font family! pattern1594
FontLister::update_font_data_recursive: descr without font family! pattern1582
FontLister::update_font_data_recursive: descr without font family! pattern859
FontLister::update_font_data_recursive: descr without font family! image853
Run experimental bundle that bundles everything
libgnutls.so.30: não é possível abrir arquivo compartilhado: Arquivo ou diretório inexistente
Failed to load module: /usr/lib/x86_64-linux-gnu/gio/modules/libgiognutls.so
libproxy.so.1: não é possível abrir arquivo compartilhado: Arquivo ou diretório inexistente
Failed to load module: /usr/lib/x86_64-linux-gnu/gio/modules/libgiolibproxy.so
Gtk-Message: 16:31:58.669: Failed to load module "canberra-gtk-module"
Gtk-Message: 16:31:58.675: Failed to load module "canberra-gtk-module"
Pango version: 1.42.3
URI error : Memory allocation failed : reaching arbitrary MAX_URI_LENGTH limit

URI error : Memory allocation failed : escaping URI value

URI error : Memory allocation failed : reaching arbitrary MAX_URI_LENGTH limit

URI error : Memory allocation failed : escaping URI value

Run experimental bundle that bundles everything
libgnutls.so.30: não é possível abrir arquivo compartilhado: Arquivo ou diretório inexistente
Failed to load module: /usr/lib/x86_64-linux-gnu/gio/modules/libgiognutls.so
libproxy.so.1: não é possível abrir arquivo compartilhado: Arquivo ou diretório inexistente
Failed to load module: /usr/lib/x86_64-linux-gnu/gio/modules/libgiolibproxy.so
Gtk-Message: 16:33:46.218: Failed to load module "canberra-gtk-module"
Gtk-Message: 16:33:46.224: Failed to load module "canberra-gtk-module"
Pango version: 1.42.3
Run experimental bundle that bundles everything
libgnutls.so.30: não é possível abrir arquivo compartilhado: Arquivo ou diretório inexistente
Failed to load module: /usr/lib/x86_64-linux-gnu/gio/modules/libgiognutls.so
libproxy.so.1: não é possível abrir arquivo compartilhado: Arquivo ou diretório inexistente
Failed to load module: /usr/lib/x86_64-linux-gnu/gio/modules/libgiolibproxy.so
Gtk-Message: 16:35:16.377: Failed to load module "canberra-gtk-module"
Gtk-Message: 16:35:16.384: Failed to load module "canberra-gtk-module"
Pango version: 1.42.3
URI error : Memory allocation failed : reaching arbitrary MAX_URI_LENGTH limit

URI error : Memory allocation failed : escaping URI value

URI error : Memory allocation failed : reaching arbitrary MAX_URI_LENGTH limit

URI error : Memory allocation failed : escaping URI value

FontLister::update_font_data_recursive: descr without font family! pattern1582
FontLister::update_font_data_recursive: descr without font family! pattern857
FontLister::update_font_data_recursive: descr without font family! image853
FontLister::update_font_data_recursive: descr without font family! pattern1582
FontLister::update_font_data_recursive: descr without font family! pattern857
FontLister::update_font_data_recursive: descr without font family! image853
FontLister::update_font_data_recursive: descr without font family! pattern1582
FontLister::update_font_data_recursive: descr without font family! pattern857
FontLister::update_font_data_recursive: descr without font family! image853
FontLister::update_font_data_recursive: descr without font family! pattern1582
FontLister::update_font_data_recursive: descr without font family! pattern857
FontLister::update_font_data_recursive: descr without font family! image853
FontLister::update_font_data_recursive: descr without font family! pattern1582
FontLister::update_font_data_recursive: descr without font family! pattern857
FontLister::update_font_data_recursive: descr without font family! image853
FontLister::update_font_data_recursive: descr without font family! pattern1582
FontLister::update_font_data_recursive: descr without font family! pattern857
FontLister::update_font_data_recursive: descr without font family! image853
FontLister::update_font_data_recursive: descr without font family! pattern1582
FontLister::update_font_data_recursive: descr without font family! pattern857
FontLister::update_font_data_recursive: descr without font family! image853
FontLister::update_font_data_recursive: descr without font family! pattern1582
FontLister::update_font_data_recursive: descr without font family! pattern857
FontLister::update_font_data_recursive: descr without font family! image853
FontLister::update_font_data_recursive: descr without font family! pattern1582
FontLister::update_font_data_recursive: descr without font family! pattern857
FontLister::update_font_data_recursive: descr without font family! image853
FontLister::update_font_data_recursive: descr without font family! pattern1582
FontLister::update_font_data_recursive: descr without font family! pattern857
FontLister::update_font_data_recursive: descr without font family! image853
FontLister::update_font_data_recursive: descr without font family! pattern1582
FontLister::update_font_data_recursive: descr without font family! pattern857
FontLister::update_font_data_recursive: descr without font family! image853
FontLister::update_font_data_recursive: descr without font family! pattern1582
FontLister::update_font_data_recursive: descr without font family! pattern857
FontLister::update_font_data_recursive: descr without font family! image853
FontLister::update_font_data_recursive: descr without font family! pattern1582
FontLister::update_font_data_recursive: descr without font family! pattern857
FontLister::update_font_data_recursive: descr without font family! image853
FontLister::update_font_data_recursive: descr without font family! pattern1582
FontLister::update_font_data_recursive: descr without font family! pattern857
FontLister::update_font_data_recursive: descr without font family! image853
FontLister::update_font_data_recursive: descr without font family! pattern1582
FontLister::update_font_data_recursive: descr without font family! pattern857
FontLister::update_font_data_recursive: descr without font family! image853
FontLister::update_font_data_recursive: descr without font family! pattern1582
FontLister::update_font_data_recursive: descr without font family! pattern857
FontLister::update_font_data_recursive: descr without font family! image853
FontLister::update_font_data_recursive: descr without font family! pattern1582
FontLister::update_font_data_recursive: descr without font family! pattern857
FontLister::update_font_data_recursive: descr without font family! image853
FontLister::update_font_data_recursive: descr without font family! pattern1582
FontLister::update_font_data_recursive: descr without font family! pattern857
FontLister::update_font_data_recursive: descr without font family! image853
FontLister::update_font_data_recursive: descr without font family! pattern1582
FontLister::update_font_data_recursive: descr without font family! pattern857
FontLister::update_font_data_recursive: descr without font family! image853
FontLister::update_font_data_recursive: descr without font family! pattern1582
FontLister::update_font_data_recursive: descr without font family! pattern857
FontLister::update_font_data_recursive: descr without font family! image853
FontLister::update_font_data_recursive: descr without font family! pattern1582
FontLister::update_font_data_recursive: descr without font family! pattern857
FontLister::update_font_data_recursive: descr without font family! image853
FontLister::update_font_data_recursive: descr without font family! pattern1582
FontLister::update_font_data_recursive: descr without font family! pattern857
FontLister::update_font_data_recursive: descr without font family! image853
FontLister::update_font_data_recursive: descr without font family! pattern1582
FontLister::update_font_data_recursive: descr without font family! pattern857
FontLister::update_font_data_recursive: descr without font family! image853
FontLister::update_font_data_recursive: descr without font family! pattern1582
FontLister::update_font_data_recursive: descr without font family! pattern857
FontLister::update_font_data_recursive: descr without font family! image853
FontLister::update_font_data_recursive: descr without font family! pattern1582
FontLister::update_font_data_recursive: descr without font family! pattern857
FontLister::update_font_data_recursive: descr without font family! image853
FontLister::update_font_data_recursive: descr without font family! pattern1582
FontLister::update_font_data_recursive: descr without font family! pattern857
FontLister::update_font_data_recursive: descr without font family! image853
FontLister::update_font_data_recursive: descr without font family! pattern1582
FontLister::update_font_data_recursive: descr without font family! pattern857
FontLister::update_font_data_recursive: descr without font family! image853
FontLister::update_font_data_recursive: descr without font family! pattern1582
FontLister::update_font_data_recursive: descr without font family! pattern857
FontLister::update_font_data_recursive: descr without font family! image853
FontLister::update_font_data_recursive: descr without font family! pattern1582
FontLister::update_font_data_recursive: descr without font family! pattern857
FontLister::update_font_data_recursive: descr without font family! image853
FontLister::update_font_data_recursive: descr without font family! pattern1582
FontLister::update_font_data_recursive: descr without font family! pattern857
FontLister::update_font_data_recursive: descr without font family! image853
FontLister::update_font_data_recursive: descr without font family! pattern1582
FontLister::update_font_data_recursive: descr without font family! pattern857
FontLister::update_font_data_recursive: descr without font family! image853
FontLister::update_font_data_recursive: descr without font family! pattern1582
FontLister::update_font_data_recursive: descr without font family! pattern857
FontLister::update_font_data_recursive: descr without font family! image853
FontLister::update_font_data_recursive: descr without font family! pattern1582
FontLister::update_font_data_recursive: descr without font family! pattern857
FontLister::update_font_data_recursive: descr without font family! image853
FontLister::update_font_data_recursive: descr without font family! pattern1582
FontLister::update_font_data_recursive: descr without font family! pattern857
FontLister::update_font_data_recursive: descr without font family! image853
FontLister::update_font_data_recursive: descr without font family! pattern1582
FontLister::update_font_data_recursive: descr without font family! pattern857
FontLister::update_font_data_recursive: descr without font family! image853
FontLister::update_font_data_recursive: descr without font family! pattern1582
FontLister::update_font_data_recursive: descr without font family! pattern857
FontLister::update_font_data_recursive: descr without font family! image853
FontLister::update_font_data_recursive: descr without font family! pattern1582
FontLister::update_font_data_recursive: descr without font family! pattern857
FontLister::update_font_data_recursive: descr without font family! image853
FontLister::update_font_data_recursive: descr without font family! pattern1582
FontLister::update_font_data_recursive: descr without font family! pattern857
FontLister::update_font_data_recursive: descr without font family! image853
FontLister::update_font_data_recursive: descr without font family! pattern1582
FontLister::update_font_data_recursive: descr without font family! pattern857
FontLister::update_font_data_recursive: descr without font family! image853
FontLister::update_font_data_recursive: descr without font family! pattern1582
FontLister::update_font_data_recursive: descr without font family! pattern857
FontLister::update_font_data_recursive: descr without font family! image853
FontLister::update_font_data_recursive: descr without font family! pattern1582
FontLister::update_font_data_recursive: descr without font family! pattern857
FontLister::update_font_data_recursive: descr without font family! image853
FontLister::update_font_data_recursive: descr without font family! pattern1582
FontLister::update_font_data_recursive: descr without font family! pattern857
FontLister::update_font_data_recursive: descr without font family! image853
FontLister::update_font_data_recursive: descr without font family! pattern1582
FontLister::update_font_data_recursive: descr without font family! pattern857
FontLister::update_font_data_recursive: descr without font family! image853
FontLister::update_font_data_recursive: descr without font family! pattern1582
FontLister::update_font_data_recursive: descr without font family! pattern857
FontLister::update_font_data_recursive: descr without font family! image853
FontLister::update_font_data_recursive: descr without font family! pattern1582
FontLister::update_font_data_recursive: descr without font family! pattern857
FontLister::update_font_data_recursive: descr without font family! image853
FontLister::update_font_data_recursive: descr without font family! pattern1582
FontLister::update_font_data_recursive: descr without font family! pattern857
FontLister::update_font_data_recursive: descr without font family! image853
FontLister::update_font_data_recursive: descr without font family! pattern1582
FontLister::update_font_data_recursive: descr without font family! pattern857
FontLister::update_font_data_recursive: descr without font family! image853
FontLister::update_font_data_recursive: descr without font family! pattern1582
FontLister::update_font_data_recursive: descr without font family! pattern857
FontLister::update_font_data_recursive: descr without font family! image853
FontLister::update_font_data_recursive: descr without font family! pattern1582
FontLister::update_font_data_recursive: descr without font family! pattern857
FontLister::update_font_data_recursive: descr without font family! image853
FontLister::update_font_data_recursive: descr without font family! pattern1582
FontLister::update_font_data_recursive: descr without font family! pattern857
FontLister::update_font_data_recursive: descr without font family! image853
FontLister::update_font_data_recursive: descr without font family! pattern1582
FontLister::update_font_data_recursive: descr without font family! pattern857
FontLister::update_font_data_recursive: descr without font family! image853
FontLister::update_font_data_recursive: descr without font family! pattern1582
FontLister::update_font_data_recursive: descr without font family! pattern857
FontLister::update_font_data_recursive: descr without font family! image853
FontLister::update_font_data_recursive: descr without font family! pattern1582
FontLister::update_font_data_recursive: descr without font family! pattern857
FontLister::update_font_data_recursive: descr without font family! image853
FontLister::update_font_data_recursive: descr without font family! pattern1582
FontLister::update_font_data_recursive: descr without font family! pattern857
FontLister::update_font_data_recursive: descr without font family! image853
Run experimental bundle that bundles everything
libgnutls.so.30: não é possível abrir arquivo compartilhado: Arquivo ou diretório inexistente
Failed to load module: /usr/lib/x86_64-linux-gnu/gio/modules/libgiognutls.so
libproxy.so.1: não é possível abrir arquivo compartilhado: Arquivo ou diretório inexistente
Failed to load module: /usr/lib/x86_64-linux-gnu/gio/modules/libgiolibproxy.so
Gtk-Message: 16:37:36.515: Failed to load module "canberra-gtk-module"
Gtk-Message: 16:37:36.521: Failed to load module "canberra-gtk-module"
Pango version: 1.42.3
Run experimental bundle that bundles everything
libgnutls.so.30: não é possível abrir arquivo compartilhado: Arquivo ou diretório inexistente
Failed to load module: /usr/lib/x86_64-linux-gnu/gio/modules/libgiognutls.so
libproxy.so.1: não é possível abrir arquivo compartilhado: Arquivo ou diretório inexistente
Failed to load module: /usr/lib/x86_64-linux-gnu/gio/modules/libgiolibproxy.so
Gtk-Message: 16:41:16.754: Failed to load module "canberra-gtk-module"
Gtk-Message: 16:41:16.759: Failed to load module "canberra-gtk-module"
Pango version: 1.42.3
