Run experimental bundle that bundles everything
libgnutls.so.30: não é possível abrir arquivo compartilhado: Arquivo ou diretório inexistente
Failed to load module: /usr/lib/x86_64-linux-gnu/gio/modules/libgiognutls.so
libproxy.so.1: não é possível abrir arquivo compartilhado: Arquivo ou diretório inexistente
Failed to load module: /usr/lib/x86_64-linux-gnu/gio/modules/libgiolibproxy.so
Gtk-Message: 17:26:25.784: Failed to load module "canberra-gtk-module"
Gtk-Message: 17:26:25.790: Failed to load module "canberra-gtk-module"
Pango version: 1.42.3
FontLister::update_font_data_recursive: descr without font family! stop60776
FontLister::update_font_data_recursive: descr without font family! stop24
FontLister::update_font_data_recursive: descr without font family! stop26
FontLister::update_font_data_recursive: descr without font family! stop98
FontLister::update_font_data_recursive: descr without font family! stop100
FontLister::update_font_data_recursive: descr without font family! stop102
FontLister::update_font_data_recursive: descr without font family! stop132
FontLister::update_font_data_recursive: descr without font family! stop134
FontLister::update_font_data_recursive: descr without font family! stop136
FontLister::update_font_data_recursive: descr without font family! stop166
FontLister::update_font_data_recursive: descr without font family! stop168
FontLister::update_font_data_recursive: descr without font family! stop170
FontLister::update_font_data_recursive: descr without font family! stop200
FontLister::update_font_data_recursive: descr without font family! stop202
FontLister::update_font_data_recursive: descr without font family! stop204
FontLister::update_font_data_recursive: descr without font family! stop234
FontLister::update_font_data_recursive: descr without font family! stop236
FontLister::update_font_data_recursive: descr without font family! stop238
FontLister::update_font_data_recursive: descr without font family! stop268
FontLister::update_font_data_recursive: descr without font family! stop270
FontLister::update_font_data_recursive: descr without font family! stop272
FontLister::update_font_data_recursive: descr without font family! stop290
FontLister::update_font_data_recursive: descr without font family! stop292
FontLister::update_font_data_recursive: descr without font family! stop294
FontLister::update_font_data_recursive: descr without font family! stop296
FontLister::update_font_data_recursive: descr without font family! stop25120
FontLister::update_font_data_recursive: descr without font family! stop25122
FontLister::update_font_data_recursive: descr without font family! stop25124
FontLister::update_font_data_recursive: descr without font family! stop25142
FontLister::update_font_data_recursive: descr without font family! stop25144
FontLister::update_font_data_recursive: descr without font family! stop25146
FontLister::update_font_data_recursive: descr without font family! stop25164
FontLister::update_font_data_recursive: descr without font family! stop25166
FontLister::update_font_data_recursive: descr without font family! stop25168
FontLister::update_font_data_recursive: descr without font family! stop25186
FontLister::update_font_data_recursive: descr without font family! stop25188
FontLister::update_font_data_recursive: descr without font family! stop25190
FontLister::update_font_data_recursive: descr without font family! stop25208
FontLister::update_font_data_recursive: descr without font family! stop25210
FontLister::update_font_data_recursive: descr without font family! stop25212
FontLister::update_font_data_recursive: descr without font family! stop25230
FontLister::update_font_data_recursive: descr without font family! stop25232
FontLister::update_font_data_recursive: descr without font family! stop25234
FontLister::update_font_data_recursive: descr without font family! stop25252
FontLister::update_font_data_recursive: descr without font family! stop25254
FontLister::update_font_data_recursive: descr without font family! stop25256
FontLister::update_font_data_recursive: descr without font family! stop25274
FontLister::update_font_data_recursive: descr without font family! stop25276
FontLister::update_font_data_recursive: descr without font family! stop25278
FontLister::update_font_data_recursive: descr without font family! stop25280
FontLister::update_font_data_recursive: descr without font family! stop50116
FontLister::update_font_data_recursive: descr without font family! stop50118
FontLister::update_font_data_recursive: descr without font family! stop50120
FontLister::update_font_data_recursive: descr without font family! stop50138
FontLister::update_font_data_recursive: descr without font family! stop50140
FontLister::update_font_data_recursive: descr without font family! stop50142
FontLister::update_font_data_recursive: descr without font family! stop50160
FontLister::update_font_data_recursive: descr without font family! stop50162
FontLister::update_font_data_recursive: descr without font family! stop50164
FontLister::update_font_data_recursive: descr without font family! stop50182
FontLister::update_font_data_recursive: descr without font family! stop50184
FontLister::update_font_data_recursive: descr without font family! stop50186
FontLister::update_font_data_recursive: descr without font family! stop50204
FontLister::update_font_data_recursive: descr without font family! stop50206
FontLister::update_font_data_recursive: descr without font family! stop50208
FontLister::update_font_data_recursive: descr without font family! stop50226
FontLister::update_font_data_recursive: descr without font family! stop50228
FontLister::update_font_data_recursive: descr without font family! stop50230
FontLister::update_font_data_recursive: descr without font family! stop50248
FontLister::update_font_data_recursive: descr without font family! stop50250
FontLister::update_font_data_recursive: descr without font family! stop50252
FontLister::update_font_data_recursive: descr without font family! stop50270
FontLister::update_font_data_recursive: descr without font family! stop50272
FontLister::update_font_data_recursive: descr without font family! stop50274
FontLister::update_font_data_recursive: descr without font family! stop50292
FontLister::update_font_data_recursive: descr without font family! stop50294
FontLister::update_font_data_recursive: descr without font family! stop50296
FontLister::update_font_data_recursive: descr without font family! stop50314
FontLister::update_font_data_recursive: descr without font family! stop50316
FontLister::update_font_data_recursive: descr without font family! stop50318
FontLister::update_font_data_recursive: descr without font family! stop50336
FontLister::update_font_data_recursive: descr without font family! stop50338
FontLister::update_font_data_recursive: descr without font family! stop60776
FontLister::update_font_data_recursive: descr without font family! stop24
FontLister::update_font_data_recursive: descr without font family! stop26
FontLister::update_font_data_recursive: descr without font family! stop98
FontLister::update_font_data_recursive: descr without font family! stop100
FontLister::update_font_data_recursive: descr without font family! stop102
FontLister::update_font_data_recursive: descr without font family! stop132
FontLister::update_font_data_recursive: descr without font family! stop134
FontLister::update_font_data_recursive: descr without font family! stop136
FontLister::update_font_data_recursive: descr without font family! stop166
FontLister::update_font_data_recursive: descr without font family! stop168
FontLister::update_font_data_recursive: descr without font family! stop170
FontLister::update_font_data_recursive: descr without font family! stop200
FontLister::update_font_data_recursive: descr without font family! stop202
FontLister::update_font_data_recursive: descr without font family! stop204
FontLister::update_font_data_recursive: descr without font family! stop234
FontLister::update_font_data_recursive: descr without font family! stop236
FontLister::update_font_data_recursive: descr without font family! stop238
FontLister::update_font_data_recursive: descr without font family! stop268
FontLister::update_font_data_recursive: descr without font family! stop270
FontLister::update_font_data_recursive: descr without font family! stop272
FontLister::update_font_data_recursive: descr without font family! stop290
FontLister::update_font_data_recursive: descr without font family! stop292
FontLister::update_font_data_recursive: descr without font family! stop294
FontLister::update_font_data_recursive: descr without font family! stop296
FontLister::update_font_data_recursive: descr without font family! stop25120
FontLister::update_font_data_recursive: descr without font family! stop25122
FontLister::update_font_data_recursive: descr without font family! stop25124
FontLister::update_font_data_recursive: descr without font family! stop25142
FontLister::update_font_data_recursive: descr without font family! stop25144
FontLister::update_font_data_recursive: descr without font family! stop25146
FontLister::update_font_data_recursive: descr without font family! stop25164
FontLister::update_font_data_recursive: descr without font family! stop25166
FontLister::update_font_data_recursive: descr without font family! stop25168
FontLister::update_font_data_recursive: descr without font family! stop25186
FontLister::update_font_data_recursive: descr without font family! stop25188
FontLister::update_font_data_recursive: descr without font family! stop25190
FontLister::update_font_data_recursive: descr without font family! stop25208
FontLister::update_font_data_recursive: descr without font family! stop25210
FontLister::update_font_data_recursive: descr without font family! stop25212
FontLister::update_font_data_recursive: descr without font family! stop25230
FontLister::update_font_data_recursive: descr without font family! stop25232
FontLister::update_font_data_recursive: descr without font family! stop25234
FontLister::update_font_data_recursive: descr without font family! stop25252
FontLister::update_font_data_recursive: descr without font family! stop25254
FontLister::update_font_data_recursive: descr without font family! stop25256
FontLister::update_font_data_recursive: descr without font family! stop25274
FontLister::update_font_data_recursive: descr without font family! stop25276
FontLister::update_font_data_recursive: descr without font family! stop25278
FontLister::update_font_data_recursive: descr without font family! stop25280
FontLister::update_font_data_recursive: descr without font family! stop50116
FontLister::update_font_data_recursive: descr without font family! stop50118
FontLister::update_font_data_recursive: descr without font family! stop50120
FontLister::update_font_data_recursive: descr without font family! stop50138
FontLister::update_font_data_recursive: descr without font family! stop50140
FontLister::update_font_data_recursive: descr without font family! stop50142
FontLister::update_font_data_recursive: descr without font family! stop50160
FontLister::update_font_data_recursive: descr without font family! stop50162
FontLister::update_font_data_recursive: descr without font family! stop50164
FontLister::update_font_data_recursive: descr without font family! stop50182
FontLister::update_font_data_recursive: descr without font family! stop50184
FontLister::update_font_data_recursive: descr without font family! stop50186
FontLister::update_font_data_recursive: descr without font family! stop50204
FontLister::update_font_data_recursive: descr without font family! stop50206
FontLister::update_font_data_recursive: descr without font family! stop50208
FontLister::update_font_data_recursive: descr without font family! stop50226
FontLister::update_font_data_recursive: descr without font family! stop50228
FontLister::update_font_data_recursive: descr without font family! stop50230
FontLister::update_font_data_recursive: descr without font family! stop50248
FontLister::update_font_data_recursive: descr without font family! stop50250
FontLister::update_font_data_recursive: descr without font family! stop50252
FontLister::update_font_data_recursive: descr without font family! stop50270
FontLister::update_font_data_recursive: descr without font family! stop50272
FontLister::update_font_data_recursive: descr without font family! stop50274
FontLister::update_font_data_recursive: descr without font family! stop50292
FontLister::update_font_data_recursive: descr without font family! stop50294
FontLister::update_font_data_recursive: descr without font family! stop50296
FontLister::update_font_data_recursive: descr without font family! stop50314
FontLister::update_font_data_recursive: descr without font family! stop50316
FontLister::update_font_data_recursive: descr without font family! stop50318
FontLister::update_font_data_recursive: descr without font family! stop50336
FontLister::update_font_data_recursive: descr without font family! stop50338

** (ld-linux-x86-64.so.2:8407): CRITICAL **: 17:26:38.942: void SPObject::requestModified(unsigned int): assertion 'this->document != nullptr' failed

** (ld-linux-x86-64.so.2:8407): CRITICAL **: 17:26:38.943: void SPObject::requestModified(unsigned int): assertion 'this->document != nullptr' failed

** (ld-linux-x86-64.so.2:8407): CRITICAL **: 17:26:38.943: void SPObject::requestModified(unsigned int): assertion 'this->document != nullptr' failed

** (ld-linux-x86-64.so.2:8407): CRITICAL **: 17:26:41.010: void SPObject::requestModified(unsigned int): assertion 'this->document != nullptr' failed

** (ld-linux-x86-64.so.2:8407): CRITICAL **: 17:26:41.010: void SPObject::requestModified(unsigned int): assertion 'this->document != nullptr' failed

** (ld-linux-x86-64.so.2:8407): CRITICAL **: 17:26:41.014: void SPObject::requestModified(unsigned int): assertion 'this->document != nullptr' failed

** (ld-linux-x86-64.so.2:8407): WARNING **: 17:27:05.324: Incomplete undo transaction:

** (ld-linux-x86-64.so.2:8407): WARNING **: 17:27:05.324: Event: Set content of #<Text:0x0x7f95d1b11ae0> to ""

** (ld-linux-x86-64.so.2:8407): WARNING **: 17:27:05.324: Event: Added #<Element:0x0x7f95ce028ee8> to #<Text:0x0x7f95d1b11ae0> after beginning

** (ld-linux-x86-64.so.2:8407): WARNING **: 17:27:05.324: Event: Set attribute inkscape:version to "1.0alpha (9dee831, 2019-01-15)" on #<Element:0x0x7f95cdfeb948>
Run experimental bundle that bundles everything
libgnutls.so.30: não é possível abrir arquivo compartilhado: Arquivo ou diretório inexistente
Failed to load module: /usr/lib/x86_64-linux-gnu/gio/modules/libgiognutls.so
libproxy.so.1: não é possível abrir arquivo compartilhado: Arquivo ou diretório inexistente
Failed to load module: /usr/lib/x86_64-linux-gnu/gio/modules/libgiolibproxy.so
Gtk-Message: 17:27:47.693: Failed to load module "canberra-gtk-module"
Gtk-Message: 17:27:47.700: Failed to load module "canberra-gtk-module"
Pango version: 1.42.3
FontLister::update_font_data_recursive: descr without font family! stop60776
FontLister::update_font_data_recursive: descr without font family! stop24
FontLister::update_font_data_recursive: descr without font family! stop26
FontLister::update_font_data_recursive: descr without font family! stop98
FontLister::update_font_data_recursive: descr without font family! stop100
FontLister::update_font_data_recursive: descr without font family! stop102
FontLister::update_font_data_recursive: descr without font family! stop132
FontLister::update_font_data_recursive: descr without font family! stop134
FontLister::update_font_data_recursive: descr without font family! stop136
FontLister::update_font_data_recursive: descr without font family! stop166
FontLister::update_font_data_recursive: descr without font family! stop168
FontLister::update_font_data_recursive: descr without font family! stop170
FontLister::update_font_data_recursive: descr without font family! stop200
FontLister::update_font_data_recursive: descr without font family! stop202
FontLister::update_font_data_recursive: descr without font family! stop204
FontLister::update_font_data_recursive: descr without font family! stop234
FontLister::update_font_data_recursive: descr without font family! stop236
FontLister::update_font_data_recursive: descr without font family! stop238
FontLister::update_font_data_recursive: descr without font family! stop268
FontLister::update_font_data_recursive: descr without font family! stop270
FontLister::update_font_data_recursive: descr without font family! stop272
FontLister::update_font_data_recursive: descr without font family! stop290
FontLister::update_font_data_recursive: descr without font family! stop292
FontLister::update_font_data_recursive: descr without font family! stop294
FontLister::update_font_data_recursive: descr without font family! stop296
FontLister::update_font_data_recursive: descr without font family! stop25120
FontLister::update_font_data_recursive: descr without font family! stop25122
FontLister::update_font_data_recursive: descr without font family! stop25124
FontLister::update_font_data_recursive: descr without font family! stop25142
FontLister::update_font_data_recursive: descr without font family! stop25144
FontLister::update_font_data_recursive: descr without font family! stop25146
FontLister::update_font_data_recursive: descr without font family! stop25164
FontLister::update_font_data_recursive: descr without font family! stop25166
FontLister::update_font_data_recursive: descr without font family! stop25168
FontLister::update_font_data_recursive: descr without font family! stop25186
FontLister::update_font_data_recursive: descr without font family! stop25188
FontLister::update_font_data_recursive: descr without font family! stop25190
FontLister::update_font_data_recursive: descr without font family! stop25208
FontLister::update_font_data_recursive: descr without font family! stop25210
FontLister::update_font_data_recursive: descr without font family! stop25212
FontLister::update_font_data_recursive: descr without font family! stop25230
FontLister::update_font_data_recursive: descr without font family! stop25232
FontLister::update_font_data_recursive: descr without font family! stop25234
FontLister::update_font_data_recursive: descr without font family! stop25252
FontLister::update_font_data_recursive: descr without font family! stop25254
FontLister::update_font_data_recursive: descr without font family! stop25256
FontLister::update_font_data_recursive: descr without font family! stop25274
FontLister::update_font_data_recursive: descr without font family! stop25276
FontLister::update_font_data_recursive: descr without font family! stop25278
FontLister::update_font_data_recursive: descr without font family! stop25280
FontLister::update_font_data_recursive: descr without font family! stop50116
FontLister::update_font_data_recursive: descr without font family! stop50118
FontLister::update_font_data_recursive: descr without font family! stop50120
FontLister::update_font_data_recursive: descr without font family! stop50138
FontLister::update_font_data_recursive: descr without font family! stop50140
FontLister::update_font_data_recursive: descr without font family! stop50142
FontLister::update_font_data_recursive: descr without font family! stop50160
FontLister::update_font_data_recursive: descr without font family! stop50162
FontLister::update_font_data_recursive: descr without font family! stop50164
FontLister::update_font_data_recursive: descr without font family! stop50182
FontLister::update_font_data_recursive: descr without font family! stop50184
FontLister::update_font_data_recursive: descr without font family! stop50186
FontLister::update_font_data_recursive: descr without font family! stop50204
FontLister::update_font_data_recursive: descr without font family! stop50206
FontLister::update_font_data_recursive: descr without font family! stop50208
FontLister::update_font_data_recursive: descr without font family! stop50226
FontLister::update_font_data_recursive: descr without font family! stop50228
FontLister::update_font_data_recursive: descr without font family! stop50230
FontLister::update_font_data_recursive: descr without font family! stop50248
FontLister::update_font_data_recursive: descr without font family! stop50250
FontLister::update_font_data_recursive: descr without font family! stop50252
FontLister::update_font_data_recursive: descr without font family! stop50270
FontLister::update_font_data_recursive: descr without font family! stop50272
FontLister::update_font_data_recursive: descr without font family! stop50274
FontLister::update_font_data_recursive: descr without font family! stop50292
FontLister::update_font_data_recursive: descr without font family! stop50294
FontLister::update_font_data_recursive: descr without font family! stop50296
FontLister::update_font_data_recursive: descr without font family! stop50314
FontLister::update_font_data_recursive: descr without font family! stop50316
FontLister::update_font_data_recursive: descr without font family! stop50318
FontLister::update_font_data_recursive: descr without font family! stop50336
FontLister::update_font_data_recursive: descr without font family! stop50338
FontLister::update_font_data_recursive: descr without font family! stop60776
FontLister::update_font_data_recursive: descr without font family! stop24
FontLister::update_font_data_recursive: descr without font family! stop26
FontLister::update_font_data_recursive: descr without font family! stop98
FontLister::update_font_data_recursive: descr without font family! stop100
FontLister::update_font_data_recursive: descr without font family! stop102
FontLister::update_font_data_recursive: descr without font family! stop132
FontLister::update_font_data_recursive: descr without font family! stop134
FontLister::update_font_data_recursive: descr without font family! stop136
FontLister::update_font_data_recursive: descr without font family! stop166
FontLister::update_font_data_recursive: descr without font family! stop168
FontLister::update_font_data_recursive: descr without font family! stop170
FontLister::update_font_data_recursive: descr without font family! stop200
FontLister::update_font_data_recursive: descr without font family! stop202
FontLister::update_font_data_recursive: descr without font family! stop204
FontLister::update_font_data_recursive: descr without font family! stop234
FontLister::update_font_data_recursive: descr without font family! stop236
FontLister::update_font_data_recursive: descr without font family! stop238
FontLister::update_font_data_recursive: descr without font family! stop268
FontLister::update_font_data_recursive: descr without font family! stop270
FontLister::update_font_data_recursive: descr without font family! stop272
FontLister::update_font_data_recursive: descr without font family! stop290
FontLister::update_font_data_recursive: descr without font family! stop292
FontLister::update_font_data_recursive: descr without font family! stop294
FontLister::update_font_data_recursive: descr without font family! stop296
FontLister::update_font_data_recursive: descr without font family! stop25120
FontLister::update_font_data_recursive: descr without font family! stop25122
FontLister::update_font_data_recursive: descr without font family! stop25124
FontLister::update_font_data_recursive: descr without font family! stop25142
FontLister::update_font_data_recursive: descr without font family! stop25144
FontLister::update_font_data_recursive: descr without font family! stop25146
FontLister::update_font_data_recursive: descr without font family! stop25164
FontLister::update_font_data_recursive: descr without font family! stop25166
FontLister::update_font_data_recursive: descr without font family! stop25168
FontLister::update_font_data_recursive: descr without font family! stop25186
FontLister::update_font_data_recursive: descr without font family! stop25188
FontLister::update_font_data_recursive: descr without font family! stop25190
FontLister::update_font_data_recursive: descr without font family! stop25208
FontLister::update_font_data_recursive: descr without font family! stop25210
FontLister::update_font_data_recursive: descr without font family! stop25212
FontLister::update_font_data_recursive: descr without font family! stop25230
FontLister::update_font_data_recursive: descr without font family! stop25232
FontLister::update_font_data_recursive: descr without font family! stop25234
FontLister::update_font_data_recursive: descr without font family! stop25252
FontLister::update_font_data_recursive: descr without font family! stop25254
FontLister::update_font_data_recursive: descr without font family! stop25256
FontLister::update_font_data_recursive: descr without font family! stop25274
FontLister::update_font_data_recursive: descr without font family! stop25276
FontLister::update_font_data_recursive: descr without font family! stop25278
FontLister::update_font_data_recursive: descr without font family! stop25280
FontLister::update_font_data_recursive: descr without font family! stop50116
FontLister::update_font_data_recursive: descr without font family! stop50118
FontLister::update_font_data_recursive: descr without font family! stop50120
FontLister::update_font_data_recursive: descr without font family! stop50138
FontLister::update_font_data_recursive: descr without font family! stop50140
FontLister::update_font_data_recursive: descr without font family! stop50142
FontLister::update_font_data_recursive: descr without font family! stop50160
FontLister::update_font_data_recursive: descr without font family! stop50162
FontLister::update_font_data_recursive: descr without font family! stop50164
FontLister::update_font_data_recursive: descr without font family! stop50182
FontLister::update_font_data_recursive: descr without font family! stop50184
FontLister::update_font_data_recursive: descr without font family! stop50186
FontLister::update_font_data_recursive: descr without font family! stop50204
FontLister::update_font_data_recursive: descr without font family! stop50206
FontLister::update_font_data_recursive: descr without font family! stop50208
FontLister::update_font_data_recursive: descr without font family! stop50226
FontLister::update_font_data_recursive: descr without font family! stop50228
FontLister::update_font_data_recursive: descr without font family! stop50230
FontLister::update_font_data_recursive: descr without font family! stop50248
FontLister::update_font_data_recursive: descr without font family! stop50250
FontLister::update_font_data_recursive: descr without font family! stop50252
FontLister::update_font_data_recursive: descr without font family! stop50270
FontLister::update_font_data_recursive: descr without font family! stop50272
FontLister::update_font_data_recursive: descr without font family! stop50274
FontLister::update_font_data_recursive: descr without font family! stop50292
FontLister::update_font_data_recursive: descr without font family! stop50294
FontLister::update_font_data_recursive: descr without font family! stop50296
FontLister::update_font_data_recursive: descr without font family! stop50314
FontLister::update_font_data_recursive: descr without font family! stop50316
FontLister::update_font_data_recursive: descr without font family! stop50318
FontLister::update_font_data_recursive: descr without font family! stop50336
FontLister::update_font_data_recursive: descr without font family! stop50338

** (ld-linux-x86-64.so.2:8460): CRITICAL **: 17:27:56.425: void SPObject::requestModified(unsigned int): assertion 'this->document != nullptr' failed

** (ld-linux-x86-64.so.2:8460): CRITICAL **: 17:27:56.425: void SPObject::requestModified(unsigned int): assertion 'this->document != nullptr' failed

** (ld-linux-x86-64.so.2:8460): CRITICAL **: 17:27:58.446: void SPObject::requestModified(unsigned int): assertion 'this->document != nullptr' failed

** (ld-linux-x86-64.so.2:8460): CRITICAL **: 17:27:58.446: void SPObject::requestModified(unsigned int): assertion 'this->document != nullptr' failed

** (ld-linux-x86-64.so.2:8460): CRITICAL **: 17:27:58.447: void SPObject::requestModified(unsigned int): assertion 'this->document != nullptr' failed

** (ld-linux-x86-64.so.2:8460): CRITICAL **: 17:27:58.448: void SPObject::requestModified(unsigned int): assertion 'this->document != nullptr' failed
Run experimental bundle that bundles everything
libgnutls.so.30: não é possível abrir arquivo compartilhado: Arquivo ou diretório inexistente
Failed to load module: /usr/lib/x86_64-linux-gnu/gio/modules/libgiognutls.so
libproxy.so.1: não é possível abrir arquivo compartilhado: Arquivo ou diretório inexistente
Failed to load module: /usr/lib/x86_64-linux-gnu/gio/modules/libgiolibproxy.so
Gtk-Message: 17:29:12.100: Failed to load module "canberra-gtk-module"
Gtk-Message: 17:29:12.105: Failed to load module "canberra-gtk-module"
Run experimental bundle that bundles everything
libgnutls.so.30: não é possível abrir arquivo compartilhado: Arquivo ou diretório inexistente
Failed to load module: /usr/lib/x86_64-linux-gnu/gio/modules/libgiognutls.so
libproxy.so.1: não é possível abrir arquivo compartilhado: Arquivo ou diretório inexistente
Failed to load module: /usr/lib/x86_64-linux-gnu/gio/modules/libgiolibproxy.so
Gtk-Message: 17:29:15.961: Failed to load module "canberra-gtk-module"
Gtk-Message: 17:29:15.966: Failed to load module "canberra-gtk-module"
Pango version: 1.42.3
FontLister::update_font_data_recursive: descr without font family! stop60776
FontLister::update_font_data_recursive: descr without font family! stop24
FontLister::update_font_data_recursive: descr without font family! stop26
FontLister::update_font_data_recursive: descr without font family! stop98
FontLister::update_font_data_recursive: descr without font family! stop100
FontLister::update_font_data_recursive: descr without font family! stop102
FontLister::update_font_data_recursive: descr without font family! stop132
FontLister::update_font_data_recursive: descr without font family! stop134
FontLister::update_font_data_recursive: descr without font family! stop136
FontLister::update_font_data_recursive: descr without font family! stop166
FontLister::update_font_data_recursive: descr without font family! stop168
FontLister::update_font_data_recursive: descr without font family! stop170
FontLister::update_font_data_recursive: descr without font family! stop200
FontLister::update_font_data_recursive: descr without font family! stop202
FontLister::update_font_data_recursive: descr without font family! stop204
FontLister::update_font_data_recursive: descr without font family! stop234
FontLister::update_font_data_recursive: descr without font family! stop236
FontLister::update_font_data_recursive: descr without font family! stop238
FontLister::update_font_data_recursive: descr without font family! stop268
FontLister::update_font_data_recursive: descr without font family! stop270
FontLister::update_font_data_recursive: descr without font family! stop272
FontLister::update_font_data_recursive: descr without font family! stop290
FontLister::update_font_data_recursive: descr without font family! stop292
FontLister::update_font_data_recursive: descr without font family! stop294
FontLister::update_font_data_recursive: descr without font family! stop296
FontLister::update_font_data_recursive: descr without font family! stop25120
FontLister::update_font_data_recursive: descr without font family! stop25122
FontLister::update_font_data_recursive: descr without font family! stop25124
FontLister::update_font_data_recursive: descr without font family! stop25142
FontLister::update_font_data_recursive: descr without font family! stop25144
FontLister::update_font_data_recursive: descr without font family! stop25146
FontLister::update_font_data_recursive: descr without font family! stop25164
FontLister::update_font_data_recursive: descr without font family! stop25166
FontLister::update_font_data_recursive: descr without font family! stop25168
FontLister::update_font_data_recursive: descr without font family! stop25186
FontLister::update_font_data_recursive: descr without font family! stop25188
FontLister::update_font_data_recursive: descr without font family! stop25190
FontLister::update_font_data_recursive: descr without font family! stop25208
FontLister::update_font_data_recursive: descr without font family! stop25210
FontLister::update_font_data_recursive: descr without font family! stop25212
FontLister::update_font_data_recursive: descr without font family! stop25230
FontLister::update_font_data_recursive: descr without font family! stop25232
FontLister::update_font_data_recursive: descr without font family! stop25234
FontLister::update_font_data_recursive: descr without font family! stop25252
FontLister::update_font_data_recursive: descr without font family! stop25254
FontLister::update_font_data_recursive: descr without font family! stop25256
FontLister::update_font_data_recursive: descr without font family! stop25274
FontLister::update_font_data_recursive: descr without font family! stop25276
FontLister::update_font_data_recursive: descr without font family! stop25278
FontLister::update_font_data_recursive: descr without font family! stop25280
FontLister::update_font_data_recursive: descr without font family! stop50116
FontLister::update_font_data_recursive: descr without font family! stop50118
FontLister::update_font_data_recursive: descr without font family! stop50120
FontLister::update_font_data_recursive: descr without font family! stop50138
FontLister::update_font_data_recursive: descr without font family! stop50140
FontLister::update_font_data_recursive: descr without font family! stop50142
FontLister::update_font_data_recursive: descr without font family! stop50160
FontLister::update_font_data_recursive: descr without font family! stop50162
FontLister::update_font_data_recursive: descr without font family! stop50164
FontLister::update_font_data_recursive: descr without font family! stop50182
FontLister::update_font_data_recursive: descr without font family! stop50184
FontLister::update_font_data_recursive: descr without font family! stop50186
FontLister::update_font_data_recursive: descr without font family! stop50204
FontLister::update_font_data_recursive: descr without font family! stop50206
FontLister::update_font_data_recursive: descr without font family! stop50208
FontLister::update_font_data_recursive: descr without font family! stop50226
FontLister::update_font_data_recursive: descr without font family! stop50228
FontLister::update_font_data_recursive: descr without font family! stop50230
FontLister::update_font_data_recursive: descr without font family! stop50248
FontLister::update_font_data_recursive: descr without font family! stop50250
FontLister::update_font_data_recursive: descr without font family! stop50252
FontLister::update_font_data_recursive: descr without font family! stop50270
FontLister::update_font_data_recursive: descr without font family! stop50272
FontLister::update_font_data_recursive: descr without font family! stop50274
FontLister::update_font_data_recursive: descr without font family! stop50292
FontLister::update_font_data_recursive: descr without font family! stop50294
FontLister::update_font_data_recursive: descr without font family! stop50296
FontLister::update_font_data_recursive: descr without font family! stop50314
FontLister::update_font_data_recursive: descr without font family! stop50316
FontLister::update_font_data_recursive: descr without font family! stop50318
FontLister::update_font_data_recursive: descr without font family! stop50336
FontLister::update_font_data_recursive: descr without font family! stop50338
FontLister::update_font_data_recursive: descr without font family! stop60776
FontLister::update_font_data_recursive: descr without font family! stop24
FontLister::update_font_data_recursive: descr without font family! stop26
FontLister::update_font_data_recursive: descr without font family! stop98
FontLister::update_font_data_recursive: descr without font family! stop100
FontLister::update_font_data_recursive: descr without font family! stop102
FontLister::update_font_data_recursive: descr without font family! stop132
FontLister::update_font_data_recursive: descr without font family! stop134
FontLister::update_font_data_recursive: descr without font family! stop136
FontLister::update_font_data_recursive: descr without font family! stop166
FontLister::update_font_data_recursive: descr without font family! stop168
FontLister::update_font_data_recursive: descr without font family! stop170
FontLister::update_font_data_recursive: descr without font family! stop200
FontLister::update_font_data_recursive: descr without font family! stop202
FontLister::update_font_data_recursive: descr without font family! stop204
FontLister::update_font_data_recursive: descr without font family! stop234
FontLister::update_font_data_recursive: descr without font family! stop236
FontLister::update_font_data_recursive: descr without font family! stop238
FontLister::update_font_data_recursive: descr without font family! stop268
FontLister::update_font_data_recursive: descr without font family! stop270
FontLister::update_font_data_recursive: descr without font family! stop272
FontLister::update_font_data_recursive: descr without font family! stop290
FontLister::update_font_data_recursive: descr without font family! stop292
FontLister::update_font_data_recursive: descr without font family! stop294
FontLister::update_font_data_recursive: descr without font family! stop296
FontLister::update_font_data_recursive: descr without font family! stop25120
FontLister::update_font_data_recursive: descr without font family! stop25122
FontLister::update_font_data_recursive: descr without font family! stop25124
FontLister::update_font_data_recursive: descr without font family! stop25142
FontLister::update_font_data_recursive: descr without font family! stop25144
FontLister::update_font_data_recursive: descr without font family! stop25146
FontLister::update_font_data_recursive: descr without font family! stop25164
FontLister::update_font_data_recursive: descr without font family! stop25166
FontLister::update_font_data_recursive: descr without font family! stop25168
FontLister::update_font_data_recursive: descr without font family! stop25186
FontLister::update_font_data_recursive: descr without font family! stop25188
FontLister::update_font_data_recursive: descr without font family! stop25190
FontLister::update_font_data_recursive: descr without font family! stop25208
FontLister::update_font_data_recursive: descr without font family! stop25210
FontLister::update_font_data_recursive: descr without font family! stop25212
FontLister::update_font_data_recursive: descr without font family! stop25230
FontLister::update_font_data_recursive: descr without font family! stop25232
FontLister::update_font_data_recursive: descr without font family! stop25234
FontLister::update_font_data_recursive: descr without font family! stop25252
FontLister::update_font_data_recursive: descr without font family! stop25254
FontLister::update_font_data_recursive: descr without font family! stop25256
FontLister::update_font_data_recursive: descr without font family! stop25274
FontLister::update_font_data_recursive: descr without font family! stop25276
FontLister::update_font_data_recursive: descr without font family! stop25278
FontLister::update_font_data_recursive: descr without font family! stop25280
FontLister::update_font_data_recursive: descr without font family! stop50116
FontLister::update_font_data_recursive: descr without font family! stop50118
FontLister::update_font_data_recursive: descr without font family! stop50120
FontLister::update_font_data_recursive: descr without font family! stop50138
FontLister::update_font_data_recursive: descr without font family! stop50140
FontLister::update_font_data_recursive: descr without font family! stop50142
FontLister::update_font_data_recursive: descr without font family! stop50160
FontLister::update_font_data_recursive: descr without font family! stop50162
FontLister::update_font_data_recursive: descr without font family! stop50164
FontLister::update_font_data_recursive: descr without font family! stop50182
FontLister::update_font_data_recursive: descr without font family! stop50184
FontLister::update_font_data_recursive: descr without font family! stop50186
FontLister::update_font_data_recursive: descr without font family! stop50204
FontLister::update_font_data_recursive: descr without font family! stop50206
FontLister::update_font_data_recursive: descr without font family! stop50208
FontLister::update_font_data_recursive: descr without font family! stop50226
FontLister::update_font_data_recursive: descr without font family! stop50228
FontLister::update_font_data_recursive: descr without font family! stop50230
FontLister::update_font_data_recursive: descr without font family! stop50248
FontLister::update_font_data_recursive: descr without font family! stop50250
FontLister::update_font_data_recursive: descr without font family! stop50252
FontLister::update_font_data_recursive: descr without font family! stop50270
FontLister::update_font_data_recursive: descr without font family! stop50272
FontLister::update_font_data_recursive: descr without font family! stop50274
FontLister::update_font_data_recursive: descr without font family! stop50292
FontLister::update_font_data_recursive: descr without font family! stop50294
FontLister::update_font_data_recursive: descr without font family! stop50296
FontLister::update_font_data_recursive: descr without font family! stop50314
FontLister::update_font_data_recursive: descr without font family! stop50316
FontLister::update_font_data_recursive: descr without font family! stop50318
FontLister::update_font_data_recursive: descr without font family! stop50336
FontLister::update_font_data_recursive: descr without font family! stop50338

** (ld-linux-x86-64.so.2:8601): CRITICAL **: 17:29:25.225: void SPObject::requestModified(unsigned int): assertion 'this->document != nullptr' failed

** (ld-linux-x86-64.so.2:8601): CRITICAL **: 17:29:25.225: void SPObject::requestModified(unsigned int): assertion 'this->document != nullptr' failed

** (ld-linux-x86-64.so.2:8601): CRITICAL **: 17:29:26.995: void SPObject::requestModified(unsigned int): assertion 'this->document != nullptr' failed

** (ld-linux-x86-64.so.2:8601): CRITICAL **: 17:29:26.995: void SPObject::requestModified(unsigned int): assertion 'this->document != nullptr' failed

** (ld-linux-x86-64.so.2:8601): CRITICAL **: 17:29:42.755: void SPObject::requestModified(unsigned int): assertion 'this->document != nullptr' failed
FontLister::update_font_data_recursive: descr without font family! stop60776
FontLister::update_font_data_recursive: descr without font family! stop24
FontLister::update_font_data_recursive: descr without font family! stop26
FontLister::update_font_data_recursive: descr without font family! stop98
FontLister::update_font_data_recursive: descr without font family! stop100
FontLister::update_font_data_recursive: descr without font family! stop102
FontLister::update_font_data_recursive: descr without font family! stop132
FontLister::update_font_data_recursive: descr without font family! stop134
FontLister::update_font_data_recursive: descr without font family! stop136
FontLister::update_font_data_recursive: descr without font family! stop166
FontLister::update_font_data_recursive: descr without font family! stop168
FontLister::update_font_data_recursive: descr without font family! stop170
FontLister::update_font_data_recursive: descr without font family! stop200
FontLister::update_font_data_recursive: descr without font family! stop202
FontLister::update_font_data_recursive: descr without font family! stop204
FontLister::update_font_data_recursive: descr without font family! stop234
FontLister::update_font_data_recursive: descr without font family! stop236
FontLister::update_font_data_recursive: descr without font family! stop238
FontLister::update_font_data_recursive: descr without font family! stop268
FontLister::update_font_data_recursive: descr without font family! stop270
FontLister::update_font_data_recursive: descr without font family! stop272
FontLister::update_font_data_recursive: descr without font family! stop290
FontLister::update_font_data_recursive: descr without font family! stop292
FontLister::update_font_data_recursive: descr without font family! stop294
FontLister::update_font_data_recursive: descr without font family! stop296
FontLister::update_font_data_recursive: descr without font family! stop25120
FontLister::update_font_data_recursive: descr without font family! stop25122
FontLister::update_font_data_recursive: descr without font family! stop25124
FontLister::update_font_data_recursive: descr without font family! stop25142
FontLister::update_font_data_recursive: descr without font family! stop25144
FontLister::update_font_data_recursive: descr without font family! stop25146
FontLister::update_font_data_recursive: descr without font family! stop25164
FontLister::update_font_data_recursive: descr without font family! stop25166
FontLister::update_font_data_recursive: descr without font family! stop25168
FontLister::update_font_data_recursive: descr without font family! stop25186
FontLister::update_font_data_recursive: descr without font family! stop25188
FontLister::update_font_data_recursive: descr without font family! stop25190
FontLister::update_font_data_recursive: descr without font family! stop25208
FontLister::update_font_data_recursive: descr without font family! stop25210
FontLister::update_font_data_recursive: descr without font family! stop25212
FontLister::update_font_data_recursive: descr without font family! stop25230
FontLister::update_font_data_recursive: descr without font family! stop25232
FontLister::update_font_data_recursive: descr without font family! stop25234
FontLister::update_font_data_recursive: descr without font family! stop25252
FontLister::update_font_data_recursive: descr without font family! stop25254
FontLister::update_font_data_recursive: descr without font family! stop25256
FontLister::update_font_data_recursive: descr without font family! stop25274
FontLister::update_font_data_recursive: descr without font family! stop25276
FontLister::update_font_data_recursive: descr without font family! stop25278
FontLister::update_font_data_recursive: descr without font family! stop25280
FontLister::update_font_data_recursive: descr without font family! stop50116
FontLister::update_font_data_recursive: descr without font family! stop50118
FontLister::update_font_data_recursive: descr without font family! stop50120
FontLister::update_font_data_recursive: descr without font family! stop50138
FontLister::update_font_data_recursive: descr without font family! stop50140
FontLister::update_font_data_recursive: descr without font family! stop50142
FontLister::update_font_data_recursive: descr without font family! stop50160
FontLister::update_font_data_recursive: descr without font family! stop50162
FontLister::update_font_data_recursive: descr without font family! stop50164
FontLister::update_font_data_recursive: descr without font family! stop50182
FontLister::update_font_data_recursive: descr without font family! stop50184
FontLister::update_font_data_recursive: descr without font family! stop50186
FontLister::update_font_data_recursive: descr without font family! stop50204
FontLister::update_font_data_recursive: descr without font family! stop50206
FontLister::update_font_data_recursive: descr without font family! stop50208
FontLister::update_font_data_recursive: descr without font family! stop50226
FontLister::update_font_data_recursive: descr without font family! stop50228
FontLister::update_font_data_recursive: descr without font family! stop50230
FontLister::update_font_data_recursive: descr without font family! stop50248
FontLister::update_font_data_recursive: descr without font family! stop50250
FontLister::update_font_data_recursive: descr without font family! stop50252
FontLister::update_font_data_recursive: descr without font family! stop50270
FontLister::update_font_data_recursive: descr without font family! stop50272
FontLister::update_font_data_recursive: descr without font family! stop50274
FontLister::update_font_data_recursive: descr without font family! stop50292
FontLister::update_font_data_recursive: descr without font family! stop50294
FontLister::update_font_data_recursive: descr without font family! stop50296
FontLister::update_font_data_recursive: descr without font family! stop50314
FontLister::update_font_data_recursive: descr without font family! stop50316
FontLister::update_font_data_recursive: descr without font family! stop50318
FontLister::update_font_data_recursive: descr without font family! stop50336
FontLister::update_font_data_recursive: descr without font family! stop50338
FontLister::update_font_data_recursive: descr without font family! stop60776
FontLister::update_font_data_recursive: descr without font family! stop24
FontLister::update_font_data_recursive: descr without font family! stop26
FontLister::update_font_data_recursive: descr without font family! stop98
FontLister::update_font_data_recursive: descr without font family! stop100
FontLister::update_font_data_recursive: descr without font family! stop102
FontLister::update_font_data_recursive: descr without font family! stop132
FontLister::update_font_data_recursive: descr without font family! stop134
FontLister::update_font_data_recursive: descr without font family! stop136
FontLister::update_font_data_recursive: descr without font family! stop166
FontLister::update_font_data_recursive: descr without font family! stop168
FontLister::update_font_data_recursive: descr without font family! stop170
FontLister::update_font_data_recursive: descr without font family! stop200
FontLister::update_font_data_recursive: descr without font family! stop202
FontLister::update_font_data_recursive: descr without font family! stop204
FontLister::update_font_data_recursive: descr without font family! stop234
FontLister::update_font_data_recursive: descr without font family! stop236
FontLister::update_font_data_recursive: descr without font family! stop238
FontLister::update_font_data_recursive: descr without font family! stop268
FontLister::update_font_data_recursive: descr without font family! stop270
FontLister::update_font_data_recursive: descr without font family! stop272
FontLister::update_font_data_recursive: descr without font family! stop290
FontLister::update_font_data_recursive: descr without font family! stop292
FontLister::update_font_data_recursive: descr without font family! stop294
FontLister::update_font_data_recursive: descr without font family! stop296
FontLister::update_font_data_recursive: descr without font family! stop25120
FontLister::update_font_data_recursive: descr without font family! stop25122
FontLister::update_font_data_recursive: descr without font family! stop25124
FontLister::update_font_data_recursive: descr without font family! stop25142
FontLister::update_font_data_recursive: descr without font family! stop25144
FontLister::update_font_data_recursive: descr without font family! stop25146
FontLister::update_font_data_recursive: descr without font family! stop25164
FontLister::update_font_data_recursive: descr without font family! stop25166
FontLister::update_font_data_recursive: descr without font family! stop25168
FontLister::update_font_data_recursive: descr without font family! stop25186
FontLister::update_font_data_recursive: descr without font family! stop25188
FontLister::update_font_data_recursive: descr without font family! stop25190
FontLister::update_font_data_recursive: descr without font family! stop25208
FontLister::update_font_data_recursive: descr without font family! stop25210
FontLister::update_font_data_recursive: descr without font family! stop25212
FontLister::update_font_data_recursive: descr without font family! stop25230
FontLister::update_font_data_recursive: descr without font family! stop25232
FontLister::update_font_data_recursive: descr without font family! stop25234
FontLister::update_font_data_recursive: descr without font family! stop25252
FontLister::update_font_data_recursive: descr without font family! stop25254
FontLister::update_font_data_recursive: descr without font family! stop25256
FontLister::update_font_data_recursive: descr without font family! stop25274
FontLister::update_font_data_recursive: descr without font family! stop25276
FontLister::update_font_data_recursive: descr without font family! stop25278
FontLister::update_font_data_recursive: descr without font family! stop25280
FontLister::update_font_data_recursive: descr without font family! stop50116
FontLister::update_font_data_recursive: descr without font family! stop50118
FontLister::update_font_data_recursive: descr without font family! stop50120
FontLister::update_font_data_recursive: descr without font family! stop50138
FontLister::update_font_data_recursive: descr without font family! stop50140
FontLister::update_font_data_recursive: descr without font family! stop50142
FontLister::update_font_data_recursive: descr without font family! stop50160
FontLister::update_font_data_recursive: descr without font family! stop50162
FontLister::update_font_data_recursive: descr without font family! stop50164
FontLister::update_font_data_recursive: descr without font family! stop50182
FontLister::update_font_data_recursive: descr without font family! stop50184
FontLister::update_font_data_recursive: descr without font family! stop50186
FontLister::update_font_data_recursive: descr without font family! stop50204
FontLister::update_font_data_recursive: descr without font family! stop50206
FontLister::update_font_data_recursive: descr without font family! stop50208
FontLister::update_font_data_recursive: descr without font family! stop50226
FontLister::update_font_data_recursive: descr without font family! stop50228
FontLister::update_font_data_recursive: descr without font family! stop50230
FontLister::update_font_data_recursive: descr without font family! stop50248
FontLister::update_font_data_recursive: descr without font family! stop50250
FontLister::update_font_data_recursive: descr without font family! stop50252
FontLister::update_font_data_recursive: descr without font family! stop50270
FontLister::update_font_data_recursive: descr without font family! stop50272
FontLister::update_font_data_recursive: descr without font family! stop50274
FontLister::update_font_data_recursive: descr without font family! stop50292
FontLister::update_font_data_recursive: descr without font family! stop50294
FontLister::update_font_data_recursive: descr without font family! stop50296
FontLister::update_font_data_recursive: descr without font family! stop50314
FontLister::update_font_data_recursive: descr without font family! stop50316
FontLister::update_font_data_recursive: descr without font family! stop50318
FontLister::update_font_data_recursive: descr without font family! stop50336
FontLister::update_font_data_recursive: descr without font family! stop50338
FontLister::update_font_data_recursive: descr without font family! stop60776
FontLister::update_font_data_recursive: descr without font family! stop24
FontLister::update_font_data_recursive: descr without font family! stop26
FontLister::update_font_data_recursive: descr without font family! stop98
FontLister::update_font_data_recursive: descr without font family! stop100
FontLister::update_font_data_recursive: descr without font family! stop102
FontLister::update_font_data_recursive: descr without font family! stop132
FontLister::update_font_data_recursive: descr without font family! stop134
FontLister::update_font_data_recursive: descr without font family! stop136
FontLister::update_font_data_recursive: descr without font family! stop166
FontLister::update_font_data_recursive: descr without font family! stop168
FontLister::update_font_data_recursive: descr without font family! stop170
FontLister::update_font_data_recursive: descr without font family! stop200
FontLister::update_font_data_recursive: descr without font family! stop202
FontLister::update_font_data_recursive: descr without font family! stop204
FontLister::update_font_data_recursive: descr without font family! stop234
FontLister::update_font_data_recursive: descr without font family! stop236
FontLister::update_font_data_recursive: descr without font family! stop238
FontLister::update_font_data_recursive: descr without font family! stop268
FontLister::update_font_data_recursive: descr without font family! stop270
FontLister::update_font_data_recursive: descr without font family! stop272
FontLister::update_font_data_recursive: descr without font family! stop290
FontLister::update_font_data_recursive: descr without font family! stop292
FontLister::update_font_data_recursive: descr without font family! stop294
FontLister::update_font_data_recursive: descr without font family! stop296
FontLister::update_font_data_recursive: descr without font family! stop25120
FontLister::update_font_data_recursive: descr without font family! stop25122
FontLister::update_font_data_recursive: descr without font family! stop25124
FontLister::update_font_data_recursive: descr without font family! stop25142
FontLister::update_font_data_recursive: descr without font family! stop25144
FontLister::update_font_data_recursive: descr without font family! stop25146
FontLister::update_font_data_recursive: descr without font family! stop25164
FontLister::update_font_data_recursive: descr without font family! stop25166
FontLister::update_font_data_recursive: descr without font family! stop25168
FontLister::update_font_data_recursive: descr without font family! stop25186
FontLister::update_font_data_recursive: descr without font family! stop25188
FontLister::update_font_data_recursive: descr without font family! stop25190
FontLister::update_font_data_recursive: descr without font family! stop25208
FontLister::update_font_data_recursive: descr without font family! stop25210
FontLister::update_font_data_recursive: descr without font family! stop25212
FontLister::update_font_data_recursive: descr without font family! stop25230
FontLister::update_font_data_recursive: descr without font family! stop25232
FontLister::update_font_data_recursive: descr without font family! stop25234
FontLister::update_font_data_recursive: descr without font family! stop25252
FontLister::update_font_data_recursive: descr without font family! stop25254
FontLister::update_font_data_recursive: descr without font family! stop25256
FontLister::update_font_data_recursive: descr without font family! stop25274
FontLister::update_font_data_recursive: descr without font family! stop25276
FontLister::update_font_data_recursive: descr without font family! stop25278
FontLister::update_font_data_recursive: descr without font family! stop25280
FontLister::update_font_data_recursive: descr without font family! stop50116
FontLister::update_font_data_recursive: descr without font family! stop50118
FontLister::update_font_data_recursive: descr without font family! stop50120
FontLister::update_font_data_recursive: descr without font family! stop50138
FontLister::update_font_data_recursive: descr without font family! stop50140
FontLister::update_font_data_recursive: descr without font family! stop50142
FontLister::update_font_data_recursive: descr without font family! stop50160
FontLister::update_font_data_recursive: descr without font family! stop50162
FontLister::update_font_data_recursive: descr without font family! stop50164
FontLister::update_font_data_recursive: descr without font family! stop50182
FontLister::update_font_data_recursive: descr without font family! stop50184
FontLister::update_font_data_recursive: descr without font family! stop50186
FontLister::update_font_data_recursive: descr without font family! stop50204
FontLister::update_font_data_recursive: descr without font family! stop50206
FontLister::update_font_data_recursive: descr without font family! stop50208
FontLister::update_font_data_recursive: descr without font family! stop50226
FontLister::update_font_data_recursive: descr without font family! stop50228
FontLister::update_font_data_recursive: descr without font family! stop50230
FontLister::update_font_data_recursive: descr without font family! stop50248
FontLister::update_font_data_recursive: descr without font family! stop50250
FontLister::update_font_data_recursive: descr without font family! stop50252
FontLister::update_font_data_recursive: descr without font family! stop50270
FontLister::update_font_data_recursive: descr without font family! stop50272
FontLister::update_font_data_recursive: descr without font family! stop50274
FontLister::update_font_data_recursive: descr without font family! stop50292
FontLister::update_font_data_recursive: descr without font family! stop50294
FontLister::update_font_data_recursive: descr without font family! stop50296
FontLister::update_font_data_recursive: descr without font family! stop50314
FontLister::update_font_data_recursive: descr without font family! stop50316
FontLister::update_font_data_recursive: descr without font family! stop50318
FontLister::update_font_data_recursive: descr without font family! stop50336
FontLister::update_font_data_recursive: descr without font family! stop50338
FontLister::update_font_data_recursive: descr without font family! stop60776
FontLister::update_font_data_recursive: descr without font family! stop24
FontLister::update_font_data_recursive: descr without font family! stop26
FontLister::update_font_data_recursive: descr without font family! stop98
FontLister::update_font_data_recursive: descr without font family! stop100
FontLister::update_font_data_recursive: descr without font family! stop102
FontLister::update_font_data_recursive: descr without font family! stop132
FontLister::update_font_data_recursive: descr without font family! stop134
FontLister::update_font_data_recursive: descr without font family! stop136
FontLister::update_font_data_recursive: descr without font family! stop166
FontLister::update_font_data_recursive: descr without font family! stop168
FontLister::update_font_data_recursive: descr without font family! stop170
FontLister::update_font_data_recursive: descr without font family! stop200
FontLister::update_font_data_recursive: descr without font family! stop202
FontLister::update_font_data_recursive: descr without font family! stop204
FontLister::update_font_data_recursive: descr without font family! stop234
FontLister::update_font_data_recursive: descr without font family! stop236
FontLister::update_font_data_recursive: descr without font family! stop238
FontLister::update_font_data_recursive: descr without font family! stop268
FontLister::update_font_data_recursive: descr without font family! stop270
FontLister::update_font_data_recursive: descr without font family! stop272
FontLister::update_font_data_recursive: descr without font family! stop290
FontLister::update_font_data_recursive: descr without font family! stop292
FontLister::update_font_data_recursive: descr without font family! stop294
FontLister::update_font_data_recursive: descr without font family! stop296
FontLister::update_font_data_recursive: descr without font family! stop25120
FontLister::update_font_data_recursive: descr without font family! stop25122
FontLister::update_font_data_recursive: descr without font family! stop25124
FontLister::update_font_data_recursive: descr without font family! stop25142
FontLister::update_font_data_recursive: descr without font family! stop25144
FontLister::update_font_data_recursive: descr without font family! stop25146
FontLister::update_font_data_recursive: descr without font family! stop25164
FontLister::update_font_data_recursive: descr without font family! stop25166
FontLister::update_font_data_recursive: descr without font family! stop25168
FontLister::update_font_data_recursive: descr without font family! stop25186
FontLister::update_font_data_recursive: descr without font family! stop25188
FontLister::update_font_data_recursive: descr without font family! stop25190
FontLister::update_font_data_recursive: descr without font family! stop25208
FontLister::update_font_data_recursive: descr without font family! stop25210
FontLister::update_font_data_recursive: descr without font family! stop25212
FontLister::update_font_data_recursive: descr without font family! stop25230
FontLister::update_font_data_recursive: descr without font family! stop25232
FontLister::update_font_data_recursive: descr without font family! stop25234
FontLister::update_font_data_recursive: descr without font family! stop25252
FontLister::update_font_data_recursive: descr without font family! stop25254
FontLister::update_font_data_recursive: descr without font family! stop25256
FontLister::update_font_data_recursive: descr without font family! stop25274
FontLister::update_font_data_recursive: descr without font family! stop25276
FontLister::update_font_data_recursive: descr without font family! stop25278
FontLister::update_font_data_recursive: descr without font family! stop25280
FontLister::update_font_data_recursive: descr without font family! stop50116
FontLister::update_font_data_recursive: descr without font family! stop50118
FontLister::update_font_data_recursive: descr without font family! stop50120
FontLister::update_font_data_recursive: descr without font family! stop50138
FontLister::update_font_data_recursive: descr without font family! stop50140
FontLister::update_font_data_recursive: descr without font family! stop50142
FontLister::update_font_data_recursive: descr without font family! stop50160
FontLister::update_font_data_recursive: descr without font family! stop50162
FontLister::update_font_data_recursive: descr without font family! stop50164
FontLister::update_font_data_recursive: descr without font family! stop50182
FontLister::update_font_data_recursive: descr without font family! stop50184
FontLister::update_font_data_recursive: descr without font family! stop50186
FontLister::update_font_data_recursive: descr without font family! stop50204
FontLister::update_font_data_recursive: descr without font family! stop50206
FontLister::update_font_data_recursive: descr without font family! stop50208
FontLister::update_font_data_recursive: descr without font family! stop50226
FontLister::update_font_data_recursive: descr without font family! stop50228
FontLister::update_font_data_recursive: descr without font family! stop50230
FontLister::update_font_data_recursive: descr without font family! stop50248
FontLister::update_font_data_recursive: descr without font family! stop50250
FontLister::update_font_data_recursive: descr without font family! stop50252
FontLister::update_font_data_recursive: descr without font family! stop50270
FontLister::update_font_data_recursive: descr without font family! stop50272
FontLister::update_font_data_recursive: descr without font family! stop50274
FontLister::update_font_data_recursive: descr without font family! stop50292
FontLister::update_font_data_recursive: descr without font family! stop50294
FontLister::update_font_data_recursive: descr without font family! stop50296
FontLister::update_font_data_recursive: descr without font family! stop50314
FontLister::update_font_data_recursive: descr without font family! stop50316
FontLister::update_font_data_recursive: descr without font family! stop50318
FontLister::update_font_data_recursive: descr without font family! stop50336
FontLister::update_font_data_recursive: descr without font family! stop50338
FontLister::update_font_data_recursive: descr without font family! stop60776
FontLister::update_font_data_recursive: descr without font family! stop24
FontLister::update_font_data_recursive: descr without font family! stop26
FontLister::update_font_data_recursive: descr without font family! stop98
FontLister::update_font_data_recursive: descr without font family! stop100
FontLister::update_font_data_recursive: descr without font family! stop102
FontLister::update_font_data_recursive: descr without font family! stop132
FontLister::update_font_data_recursive: descr without font family! stop134
FontLister::update_font_data_recursive: descr without font family! stop136
FontLister::update_font_data_recursive: descr without font family! stop166
FontLister::update_font_data_recursive: descr without font family! stop168
FontLister::update_font_data_recursive: descr without font family! stop170
FontLister::update_font_data_recursive: descr without font family! stop200
FontLister::update_font_data_recursive: descr without font family! stop202
FontLister::update_font_data_recursive: descr without font family! stop204
FontLister::update_font_data_recursive: descr without font family! stop234
FontLister::update_font_data_recursive: descr without font family! stop236
FontLister::update_font_data_recursive: descr without font family! stop238
FontLister::update_font_data_recursive: descr without font family! stop268
FontLister::update_font_data_recursive: descr without font family! stop270
FontLister::update_font_data_recursive: descr without font family! stop272
FontLister::update_font_data_recursive: descr without font family! stop290
FontLister::update_font_data_recursive: descr without font family! stop292
FontLister::update_font_data_recursive: descr without font family! stop294
FontLister::update_font_data_recursive: descr without font family! stop296
FontLister::update_font_data_recursive: descr without font family! stop25120
FontLister::update_font_data_recursive: descr without font family! stop25122
FontLister::update_font_data_recursive: descr without font family! stop25124
FontLister::update_font_data_recursive: descr without font family! stop25142
FontLister::update_font_data_recursive: descr without font family! stop25144
FontLister::update_font_data_recursive: descr without font family! stop25146
FontLister::update_font_data_recursive: descr without font family! stop25164
FontLister::update_font_data_recursive: descr without font family! stop25166
FontLister::update_font_data_recursive: descr without font family! stop25168
FontLister::update_font_data_recursive: descr without font family! stop25186
FontLister::update_font_data_recursive: descr without font family! stop25188
FontLister::update_font_data_recursive: descr without font family! stop25190
FontLister::update_font_data_recursive: descr without font family! stop25208
FontLister::update_font_data_recursive: descr without font family! stop25210
FontLister::update_font_data_recursive: descr without font family! stop25212
FontLister::update_font_data_recursive: descr without font family! stop25230
FontLister::update_font_data_recursive: descr without font family! stop25232
FontLister::update_font_data_recursive: descr without font family! stop25234
FontLister::update_font_data_recursive: descr without font family! stop25252
FontLister::update_font_data_recursive: descr without font family! stop25254
FontLister::update_font_data_recursive: descr without font family! stop25256
FontLister::update_font_data_recursive: descr without font family! stop25274
FontLister::update_font_data_recursive: descr without font family! stop25276
FontLister::update_font_data_recursive: descr without font family! stop25278
FontLister::update_font_data_recursive: descr without font family! stop25280
FontLister::update_font_data_recursive: descr without font family! stop50116
FontLister::update_font_data_recursive: descr without font family! stop50118
FontLister::update_font_data_recursive: descr without font family! stop50120
FontLister::update_font_data_recursive: descr without font family! stop50138
FontLister::update_font_data_recursive: descr without font family! stop50140
FontLister::update_font_data_recursive: descr without font family! stop50142
FontLister::update_font_data_recursive: descr without font family! stop50160
FontLister::update_font_data_recursive: descr without font family! stop50162
FontLister::update_font_data_recursive: descr without font family! stop50164
FontLister::update_font_data_recursive: descr without font family! stop50182
FontLister::update_font_data_recursive: descr without font family! stop50184
FontLister::update_font_data_recursive: descr without font family! stop50186
FontLister::update_font_data_recursive: descr without font family! stop50204
FontLister::update_font_data_recursive: descr without font family! stop50206
FontLister::update_font_data_recursive: descr without font family! stop50208
FontLister::update_font_data_recursive: descr without font family! stop50226
FontLister::update_font_data_recursive: descr without font family! stop50228
FontLister::update_font_data_recursive: descr without font family! stop50230
FontLister::update_font_data_recursive: descr without font family! stop50248
FontLister::update_font_data_recursive: descr without font family! stop50250
FontLister::update_font_data_recursive: descr without font family! stop50252
FontLister::update_font_data_recursive: descr without font family! stop50270
FontLister::update_font_data_recursive: descr without font family! stop50272
FontLister::update_font_data_recursive: descr without font family! stop50274
FontLister::update_font_data_recursive: descr without font family! stop50292
FontLister::update_font_data_recursive: descr without font family! stop50294
FontLister::update_font_data_recursive: descr without font family! stop50296
FontLister::update_font_data_recursive: descr without font family! stop50314
FontLister::update_font_data_recursive: descr without font family! stop50316
FontLister::update_font_data_recursive: descr without font family! stop50318
FontLister::update_font_data_recursive: descr without font family! stop50336
FontLister::update_font_data_recursive: descr without font family! stop50338
FontLister::update_font_data_recursive: descr without font family! stop60776
FontLister::update_font_data_recursive: descr without font family! stop24
FontLister::update_font_data_recursive: descr without font family! stop26
FontLister::update_font_data_recursive: descr without font family! stop98
FontLister::update_font_data_recursive: descr without font family! stop100
FontLister::update_font_data_recursive: descr without font family! stop102
FontLister::update_font_data_recursive: descr without font family! stop132
FontLister::update_font_data_recursive: descr without font family! stop134
FontLister::update_font_data_recursive: descr without font family! stop136
FontLister::update_font_data_recursive: descr without font family! stop166
FontLister::update_font_data_recursive: descr without font family! stop168
FontLister::update_font_data_recursive: descr without font family! stop170
FontLister::update_font_data_recursive: descr without font family! stop200
FontLister::update_font_data_recursive: descr without font family! stop202
FontLister::update_font_data_recursive: descr without font family! stop204
FontLister::update_font_data_recursive: descr without font family! stop234
FontLister::update_font_data_recursive: descr without font family! stop236
FontLister::update_font_data_recursive: descr without font family! stop238
FontLister::update_font_data_recursive: descr without font family! stop268
FontLister::update_font_data_recursive: descr without font family! stop270
FontLister::update_font_data_recursive: descr without font family! stop272
FontLister::update_font_data_recursive: descr without font family! stop290
FontLister::update_font_data_recursive: descr without font family! stop292
FontLister::update_font_data_recursive: descr without font family! stop294
FontLister::update_font_data_recursive: descr without font family! stop296
FontLister::update_font_data_recursive: descr without font family! stop25120
FontLister::update_font_data_recursive: descr without font family! stop25122
FontLister::update_font_data_recursive: descr without font family! stop25124
FontLister::update_font_data_recursive: descr without font family! stop25142
FontLister::update_font_data_recursive: descr without font family! stop25144
FontLister::update_font_data_recursive: descr without font family! stop25146
FontLister::update_font_data_recursive: descr without font family! stop25164
FontLister::update_font_data_recursive: descr without font family! stop25166
FontLister::update_font_data_recursive: descr without font family! stop25168
FontLister::update_font_data_recursive: descr without font family! stop25186
FontLister::update_font_data_recursive: descr without font family! stop25188
FontLister::update_font_data_recursive: descr without font family! stop25190
FontLister::update_font_data_recursive: descr without font family! stop25208
FontLister::update_font_data_recursive: descr without font family! stop25210
FontLister::update_font_data_recursive: descr without font family! stop25212
FontLister::update_font_data_recursive: descr without font family! stop25230
FontLister::update_font_data_recursive: descr without font family! stop25232
FontLister::update_font_data_recursive: descr without font family! stop25234
FontLister::update_font_data_recursive: descr without font family! stop25252
FontLister::update_font_data_recursive: descr without font family! stop25254
FontLister::update_font_data_recursive: descr without font family! stop25256
FontLister::update_font_data_recursive: descr without font family! stop25274
FontLister::update_font_data_recursive: descr without font family! stop25276
FontLister::update_font_data_recursive: descr without font family! stop25278
FontLister::update_font_data_recursive: descr without font family! stop25280
FontLister::update_font_data_recursive: descr without font family! stop50116
FontLister::update_font_data_recursive: descr without font family! stop50118
FontLister::update_font_data_recursive: descr without font family! stop50120
FontLister::update_font_data_recursive: descr without font family! stop50138
FontLister::update_font_data_recursive: descr without font family! stop50140
FontLister::update_font_data_recursive: descr without font family! stop50142
FontLister::update_font_data_recursive: descr without font family! stop50160
FontLister::update_font_data_recursive: descr without font family! stop50162
FontLister::update_font_data_recursive: descr without font family! stop50164
FontLister::update_font_data_recursive: descr without font family! stop50182
FontLister::update_font_data_recursive: descr without font family! stop50184
FontLister::update_font_data_recursive: descr without font family! stop50186
FontLister::update_font_data_recursive: descr without font family! stop50204
FontLister::update_font_data_recursive: descr without font family! stop50206
FontLister::update_font_data_recursive: descr without font family! stop50208
FontLister::update_font_data_recursive: descr without font family! stop50226
FontLister::update_font_data_recursive: descr without font family! stop50228
FontLister::update_font_data_recursive: descr without font family! stop50230
FontLister::update_font_data_recursive: descr without font family! stop50248
FontLister::update_font_data_recursive: descr without font family! stop50250
FontLister::update_font_data_recursive: descr without font family! stop50252
FontLister::update_font_data_recursive: descr without font family! stop50270
FontLister::update_font_data_recursive: descr without font family! stop50272
FontLister::update_font_data_recursive: descr without font family! stop50274
FontLister::update_font_data_recursive: descr without font family! stop50292
FontLister::update_font_data_recursive: descr without font family! stop50294
FontLister::update_font_data_recursive: descr without font family! stop50296
FontLister::update_font_data_recursive: descr without font family! stop50314
FontLister::update_font_data_recursive: descr without font family! stop50316
FontLister::update_font_data_recursive: descr without font family! stop50318
FontLister::update_font_data_recursive: descr without font family! stop50336
FontLister::update_font_data_recursive: descr without font family! stop50338
FontLister::update_font_data_recursive: descr without font family! stop60776
FontLister::update_font_data_recursive: descr without font family! stop24
FontLister::update_font_data_recursive: descr without font family! stop26
FontLister::update_font_data_recursive: descr without font family! stop98
FontLister::update_font_data_recursive: descr without font family! stop100
FontLister::update_font_data_recursive: descr without font family! stop102
FontLister::update_font_data_recursive: descr without font family! stop132
FontLister::update_font_data_recursive: descr without font family! stop134
FontLister::update_font_data_recursive: descr without font family! stop136
FontLister::update_font_data_recursive: descr without font family! stop166
FontLister::update_font_data_recursive: descr without font family! stop168
FontLister::update_font_data_recursive: descr without font family! stop170
FontLister::update_font_data_recursive: descr without font family! stop200
FontLister::update_font_data_recursive: descr without font family! stop202
FontLister::update_font_data_recursive: descr without font family! stop204
FontLister::update_font_data_recursive: descr without font family! stop234
FontLister::update_font_data_recursive: descr without font family! stop236
FontLister::update_font_data_recursive: descr without font family! stop238
FontLister::update_font_data_recursive: descr without font family! stop268
FontLister::update_font_data_recursive: descr without font family! stop270
FontLister::update_font_data_recursive: descr without font family! stop272
FontLister::update_font_data_recursive: descr without font family! stop290
FontLister::update_font_data_recursive: descr without font family! stop292
FontLister::update_font_data_recursive: descr without font family! stop294
FontLister::update_font_data_recursive: descr without font family! stop296
FontLister::update_font_data_recursive: descr without font family! stop25120
FontLister::update_font_data_recursive: descr without font family! stop25122
FontLister::update_font_data_recursive: descr without font family! stop25124
FontLister::update_font_data_recursive: descr without font family! stop25142
FontLister::update_font_data_recursive: descr without font family! stop25144
FontLister::update_font_data_recursive: descr without font family! stop25146
FontLister::update_font_data_recursive: descr without font family! stop25164
FontLister::update_font_data_recursive: descr without font family! stop25166
FontLister::update_font_data_recursive: descr without font family! stop25168
FontLister::update_font_data_recursive: descr without font family! stop25186
FontLister::update_font_data_recursive: descr without font family! stop25188
FontLister::update_font_data_recursive: descr without font family! stop25190
FontLister::update_font_data_recursive: descr without font family! stop25208
FontLister::update_font_data_recursive: descr without font family! stop25210
FontLister::update_font_data_recursive: descr without font family! stop25212
FontLister::update_font_data_recursive: descr without font family! stop25230
FontLister::update_font_data_recursive: descr without font family! stop25232
FontLister::update_font_data_recursive: descr without font family! stop25234
FontLister::update_font_data_recursive: descr without font family! stop25252
FontLister::update_font_data_recursive: descr without font family! stop25254
FontLister::update_font_data_recursive: descr without font family! stop25256
FontLister::update_font_data_recursive: descr without font family! stop25274
FontLister::update_font_data_recursive: descr without font family! stop25276
FontLister::update_font_data_recursive: descr without font family! stop25278
FontLister::update_font_data_recursive: descr without font family! stop25280
FontLister::update_font_data_recursive: descr without font family! stop50116
FontLister::update_font_data_recursive: descr without font family! stop50118
FontLister::update_font_data_recursive: descr without font family! stop50120
FontLister::update_font_data_recursive: descr without font family! stop50138
FontLister::update_font_data_recursive: descr without font family! stop50140
FontLister::update_font_data_recursive: descr without font family! stop50142
FontLister::update_font_data_recursive: descr without font family! stop50160
FontLister::update_font_data_recursive: descr without font family! stop50162
FontLister::update_font_data_recursive: descr without font family! stop50164
FontLister::update_font_data_recursive: descr without font family! stop50182
FontLister::update_font_data_recursive: descr without font family! stop50184
FontLister::update_font_data_recursive: descr without font family! stop50186
FontLister::update_font_data_recursive: descr without font family! stop50204
FontLister::update_font_data_recursive: descr without font family! stop50206
FontLister::update_font_data_recursive: descr without font family! stop50208
FontLister::update_font_data_recursive: descr without font family! stop50226
FontLister::update_font_data_recursive: descr without font family! stop50228
FontLister::update_font_data_recursive: descr without font family! stop50230
FontLister::update_font_data_recursive: descr without font family! stop50248
FontLister::update_font_data_recursive: descr without font family! stop50250
FontLister::update_font_data_recursive: descr without font family! stop50252
FontLister::update_font_data_recursive: descr without font family! stop50270
FontLister::update_font_data_recursive: descr without font family! stop50272
FontLister::update_font_data_recursive: descr without font family! stop50274
FontLister::update_font_data_recursive: descr without font family! stop50292
FontLister::update_font_data_recursive: descr without font family! stop50294
FontLister::update_font_data_recursive: descr without font family! stop50296
FontLister::update_font_data_recursive: descr without font family! stop50314
FontLister::update_font_data_recursive: descr without font family! stop50316
FontLister::update_font_data_recursive: descr without font family! stop50318
FontLister::update_font_data_recursive: descr without font family! stop50336
FontLister::update_font_data_recursive: descr without font family! stop50338
FontLister::update_font_data_recursive: descr without font family! stop60776
FontLister::update_font_data_recursive: descr without font family! stop24
FontLister::update_font_data_recursive: descr without font family! stop26
FontLister::update_font_data_recursive: descr without font family! stop98
FontLister::update_font_data_recursive: descr without font family! stop100
FontLister::update_font_data_recursive: descr without font family! stop102
FontLister::update_font_data_recursive: descr without font family! stop132
FontLister::update_font_data_recursive: descr without font family! stop134
FontLister::update_font_data_recursive: descr without font family! stop136
FontLister::update_font_data_recursive: descr without font family! stop166
FontLister::update_font_data_recursive: descr without font family! stop168
FontLister::update_font_data_recursive: descr without font family! stop170
FontLister::update_font_data_recursive: descr without font family! stop200
FontLister::update_font_data_recursive: descr without font family! stop202
FontLister::update_font_data_recursive: descr without font family! stop204
FontLister::update_font_data_recursive: descr without font family! stop234
FontLister::update_font_data_recursive: descr without font family! stop236
FontLister::update_font_data_recursive: descr without font family! stop238
FontLister::update_font_data_recursive: descr without font family! stop268
FontLister::update_font_data_recursive: descr without font family! stop270
FontLister::update_font_data_recursive: descr without font family! stop272
FontLister::update_font_data_recursive: descr without font family! stop290
FontLister::update_font_data_recursive: descr without font family! stop292
FontLister::update_font_data_recursive: descr without font family! stop294
FontLister::update_font_data_recursive: descr without font family! stop296
FontLister::update_font_data_recursive: descr without font family! stop25120
FontLister::update_font_data_recursive: descr without font family! stop25122
FontLister::update_font_data_recursive: descr without font family! stop25124
FontLister::update_font_data_recursive: descr without font family! stop25142
FontLister::update_font_data_recursive: descr without font family! stop25144
FontLister::update_font_data_recursive: descr without font family! stop25146
FontLister::update_font_data_recursive: descr without font family! stop25164
FontLister::update_font_data_recursive: descr without font family! stop25166
FontLister::update_font_data_recursive: descr without font family! stop25168
FontLister::update_font_data_recursive: descr without font family! stop25186
FontLister::update_font_data_recursive: descr without font family! stop25188
FontLister::update_font_data_recursive: descr without font family! stop25190
FontLister::update_font_data_recursive: descr without font family! stop25208
FontLister::update_font_data_recursive: descr without font family! stop25210
FontLister::update_font_data_recursive: descr without font family! stop25212
FontLister::update_font_data_recursive: descr without font family! stop25230
FontLister::update_font_data_recursive: descr without font family! stop25232
FontLister::update_font_data_recursive: descr without font family! stop25234
FontLister::update_font_data_recursive: descr without font family! stop25252
FontLister::update_font_data_recursive: descr without font family! stop25254
FontLister::update_font_data_recursive: descr without font family! stop25256
FontLister::update_font_data_recursive: descr without font family! stop25274
FontLister::update_font_data_recursive: descr without font family! stop25276
FontLister::update_font_data_recursive: descr without font family! stop25278
FontLister::update_font_data_recursive: descr without font family! stop25280
FontLister::update_font_data_recursive: descr without font family! stop50116
FontLister::update_font_data_recursive: descr without font family! stop50118
FontLister::update_font_data_recursive: descr without font family! stop50120
FontLister::update_font_data_recursive: descr without font family! stop50138
FontLister::update_font_data_recursive: descr without font family! stop50140
FontLister::update_font_data_recursive: descr without font family! stop50142
FontLister::update_font_data_recursive: descr without font family! stop50160
FontLister::update_font_data_recursive: descr without font family! stop50162
FontLister::update_font_data_recursive: descr without font family! stop50164
FontLister::update_font_data_recursive: descr without font family! stop50182
FontLister::update_font_data_recursive: descr without font family! stop50184
FontLister::update_font_data_recursive: descr without font family! stop50186
FontLister::update_font_data_recursive: descr without font family! stop50204
FontLister::update_font_data_recursive: descr without font family! stop50206
FontLister::update_font_data_recursive: descr without font family! stop50208
FontLister::update_font_data_recursive: descr without font family! stop50226
FontLister::update_font_data_recursive: descr without font family! stop50228
FontLister::update_font_data_recursive: descr without font family! stop50230
FontLister::update_font_data_recursive: descr without font family! stop50248
FontLister::update_font_data_recursive: descr without font family! stop50250
FontLister::update_font_data_recursive: descr without font family! stop50252
FontLister::update_font_data_recursive: descr without font family! stop50270
FontLister::update_font_data_recursive: descr without font family! stop50272
FontLister::update_font_data_recursive: descr without font family! stop50274
FontLister::update_font_data_recursive: descr without font family! stop50292
FontLister::update_font_data_recursive: descr without font family! stop50294
FontLister::update_font_data_recursive: descr without font family! stop50296
FontLister::update_font_data_recursive: descr without font family! stop50314
FontLister::update_font_data_recursive: descr without font family! stop50316
FontLister::update_font_data_recursive: descr without font family! stop50318
FontLister::update_font_data_recursive: descr without font family! stop50336
FontLister::update_font_data_recursive: descr without font family! stop50338
FontLister::update_font_data_recursive: descr without font family! stop60776
FontLister::update_font_data_recursive: descr without font family! stop24
FontLister::update_font_data_recursive: descr without font family! stop26
FontLister::update_font_data_recursive: descr without font family! stop98
FontLister::update_font_data_recursive: descr without font family! stop100
FontLister::update_font_data_recursive: descr without font family! stop102
FontLister::update_font_data_recursive: descr without font family! stop132
FontLister::update_font_data_recursive: descr without font family! stop134
FontLister::update_font_data_recursive: descr without font family! stop136
FontLister::update_font_data_recursive: descr without font family! stop166
FontLister::update_font_data_recursive: descr without font family! stop168
FontLister::update_font_data_recursive: descr without font family! stop170
FontLister::update_font_data_recursive: descr without font family! stop200
FontLister::update_font_data_recursive: descr without font family! stop202
FontLister::update_font_data_recursive: descr without font family! stop204
FontLister::update_font_data_recursive: descr without font family! stop234
FontLister::update_font_data_recursive: descr without font family! stop236
FontLister::update_font_data_recursive: descr without font family! stop238
FontLister::update_font_data_recursive: descr without font family! stop268
FontLister::update_font_data_recursive: descr without font family! stop270
FontLister::update_font_data_recursive: descr without font family! stop272
FontLister::update_font_data_recursive: descr without font family! stop290
FontLister::update_font_data_recursive: descr without font family! stop292
FontLister::update_font_data_recursive: descr without font family! stop294
FontLister::update_font_data_recursive: descr without font family! stop296
FontLister::update_font_data_recursive: descr without font family! stop25120
FontLister::update_font_data_recursive: descr without font family! stop25122
FontLister::update_font_data_recursive: descr without font family! stop25124
FontLister::update_font_data_recursive: descr without font family! stop25142
FontLister::update_font_data_recursive: descr without font family! stop25144
FontLister::update_font_data_recursive: descr without font family! stop25146
FontLister::update_font_data_recursive: descr without font family! stop25164
FontLister::update_font_data_recursive: descr without font family! stop25166
FontLister::update_font_data_recursive: descr without font family! stop25168
FontLister::update_font_data_recursive: descr without font family! stop25186
FontLister::update_font_data_recursive: descr without font family! stop25188
FontLister::update_font_data_recursive: descr without font family! stop25190
FontLister::update_font_data_recursive: descr without font family! stop25208
FontLister::update_font_data_recursive: descr without font family! stop25210
FontLister::update_font_data_recursive: descr without font family! stop25212
FontLister::update_font_data_recursive: descr without font family! stop25230
FontLister::update_font_data_recursive: descr without font family! stop25232
FontLister::update_font_data_recursive: descr without font family! stop25234
FontLister::update_font_data_recursive: descr without font family! stop25252
FontLister::update_font_data_recursive: descr without font family! stop25254
FontLister::update_font_data_recursive: descr without font family! stop25256
FontLister::update_font_data_recursive: descr without font family! stop25274
FontLister::update_font_data_recursive: descr without font family! stop25276
FontLister::update_font_data_recursive: descr without font family! stop25278
FontLister::update_font_data_recursive: descr without font family! stop25280
FontLister::update_font_data_recursive: descr without font family! stop50116
FontLister::update_font_data_recursive: descr without font family! stop50118
FontLister::update_font_data_recursive: descr without font family! stop50120
FontLister::update_font_data_recursive: descr without font family! stop50138
FontLister::update_font_data_recursive: descr without font family! stop50140
FontLister::update_font_data_recursive: descr without font family! stop50142
FontLister::update_font_data_recursive: descr without font family! stop50160
FontLister::update_font_data_recursive: descr without font family! stop50162
FontLister::update_font_data_recursive: descr without font family! stop50164
FontLister::update_font_data_recursive: descr without font family! stop50182
FontLister::update_font_data_recursive: descr without font family! stop50184
FontLister::update_font_data_recursive: descr without font family! stop50186
FontLister::update_font_data_recursive: descr without font family! stop50204
FontLister::update_font_data_recursive: descr without font family! stop50206
FontLister::update_font_data_recursive: descr without font family! stop50208
FontLister::update_font_data_recursive: descr without font family! stop50226
FontLister::update_font_data_recursive: descr without font family! stop50228
FontLister::update_font_data_recursive: descr without font family! stop50230
FontLister::update_font_data_recursive: descr without font family! stop50248
FontLister::update_font_data_recursive: descr without font family! stop50250
FontLister::update_font_data_recursive: descr without font family! stop50252
FontLister::update_font_data_recursive: descr without font family! stop50270
FontLister::update_font_data_recursive: descr without font family! stop50272
FontLister::update_font_data_recursive: descr without font family! stop50274
FontLister::update_font_data_recursive: descr without font family! stop50292
FontLister::update_font_data_recursive: descr without font family! stop50294
FontLister::update_font_data_recursive: descr without font family! stop50296
FontLister::update_font_data_recursive: descr without font family! stop50314
FontLister::update_font_data_recursive: descr without font family! stop50316
FontLister::update_font_data_recursive: descr without font family! stop50318
FontLister::update_font_data_recursive: descr without font family! stop50336
FontLister::update_font_data_recursive: descr without font family! stop50338
